{"/Users/faizanpersonal/Documents/perdiem/test-app/app/+not-found.tsx": {"path":"/Users/faizanpersonal/Documents/perdiem/test-app/app/+not-found.tsx","statementMap":{"0":{"start":{"line":8,"column":2},"end":{"line":18,"column":4}},"1":{"start":{"line":21,"column":15},"end":{"line":32,"column":2}}},"fnMap":{"0":{"name":"NotFoundScreen","decl":{"start":{"line":7,"column":24},"end":{"line":7,"column":38}},"loc":{"start":{"line":7,"column":41},"end":{"line":19,"column":1}},"line":7}},"branchMap":{},"s":{"0":0,"1":0},"f":{"0":0},"b":{}}
,"/Users/faizanpersonal/Documents/perdiem/test-app/app/_layout.tsx": {"path":"/Users/faizanpersonal/Documents/perdiem/test-app/app/_layout.tsx","statementMap":{"0":{"start":{"line":13,"column":22},"end":{"line":13,"column":38}},"1":{"start":{"line":14,"column":19},"end":{"line":16,"column":4}},"2":{"start":{"line":19,"column":2},"end":{"line":21,"column":9}},"3":{"start":{"line":20,"column":4},"end":{"line":20,"column":35}},"4":{"start":{"line":23,"column":2},"end":{"line":26,"column":3}},"5":{"start":{"line":25,"column":4},"end":{"line":25,"column":16}},"6":{"start":{"line":28,"column":2},"end":{"line":42,"column":4}}},"fnMap":{"0":{"name":"RootLayout","decl":{"start":{"line":12,"column":24},"end":{"line":12,"column":34}},"loc":{"start":{"line":12,"column":37},"end":{"line":43,"column":1}},"line":12},"1":{"name":"(anonymous_1)","decl":{"start":{"line":19,"column":18},"end":{"line":19,"column":19}},"loc":{"start":{"line":19,"column":24},"end":{"line":21,"column":3}},"line":19}},"branchMap":{"0":{"loc":{"start":{"line":23,"column":2},"end":{"line":26,"column":3}},"type":"if","locations":[{"start":{"line":23,"column":2},"end":{"line":26,"column":3}},{"start":{},"end":{}}],"line":23},"1":{"loc":{"start":{"line":30,"column":28},"end":{"line":30,"column":77}},"type":"cond-expr","locations":[{"start":{"line":30,"column":53},"end":{"line":30,"column":62}},{"start":{"line":30,"column":65},"end":{"line":30,"column":77}}],"line":30}},"s":{"0":0,"1":0,"2":0,"3":0,"4":0,"5":0,"6":0},"f":{"0":0,"1":0},"b":{"0":[0,0],"1":[0,0]}}
,"/Users/faizanpersonal/Documents/perdiem/test-app/app/index.tsx": {"path":"/Users/faizanpersonal/Documents/perdiem/test-app/app/index.tsx","statementMap":{"0":{"start":{"line":13,"column":41},"end":{"line":13,"column":50}},"1":{"start":{"line":14,"column":22},"end":{"line":14,"column":38}},"2":{"start":{"line":16,"column":56},"end":{"line":16,"column":71}},"3":{"start":{"line":17,"column":46},"end":{"line":17,"column":60}},"4":{"start":{"line":18,"column":42},"end":{"line":18,"column":69}},"5":{"start":{"line":19,"column":50},"end":{"line":19,"column":81}},"6":{"start":{"line":20,"column":40},"end":{"line":20,"column":88}},"7":{"start":{"line":21,"column":48},"end":{"line":21,"column":60}},"8":{"start":{"line":22,"column":42},"end":{"line":22,"column":77}},"9":{"start":{"line":23,"column":52},"end":{"line":23,"column":67}},"10":{"start":{"line":24,"column":58},"end":{"line":24,"column":73}},"11":{"start":{"line":25,"column":50},"end":{"line":25,"column":79}},"12":{"start":{"line":26,"column":54},"end":{"line":33,"column":4}},"13":{"start":{"line":35,"column":2},"end":{"line":45,"column":9}},"14":{"start":{"line":36,"column":4},"end":{"line":36,"column":25}},"15":{"start":{"line":39,"column":21},"end":{"line":42,"column":13}},"16":{"start":{"line":40,"column":6},"end":{"line":40,"column":26}},"17":{"start":{"line":41,"column":6},"end":{"line":41,"column":30}},"18":{"start":{"line":44,"column":4},"end":{"line":44,"column":41}},"19":{"start":{"line":44,"column":17},"end":{"line":44,"column":40}},"20":{"start":{"line":47,"column":29},"end":{"line":89,"column":3}},"21":{"start":{"line":48,"column":4},"end":{"line":88,"column":5}},"22":{"start":{"line":49,"column":6},"end":{"line":49,"column":33}},"23":{"start":{"line":50,"column":6},"end":{"line":50,"column":36}},"24":{"start":{"line":51,"column":6},"end":{"line":51,"column":32}},"25":{"start":{"line":54,"column":6},"end":{"line":54,"column":53}},"26":{"start":{"line":57,"column":23},"end":{"line":57,"column":56}},"27":{"start":{"line":58,"column":6},"end":{"line":58,"column":32}},"28":{"start":{"line":61,"column":6},"end":{"line":63,"column":7}},"29":{"start":{"line":62,"column":8},"end":{"line":62,"column":66}},"30":{"start":{"line":66,"column":6},"end":{"line":66,"column":26}},"31":{"start":{"line":67,"column":6},"end":{"line":67,"column":30}},"32":{"start":{"line":70,"column":28},"end":{"line":70,"column":61}},"33":{"start":{"line":71,"column":32},"end":{"line":71,"column":69}},"34":{"start":{"line":73,"column":6},"end":{"line":75,"column":7}},"35":{"start":{"line":74,"column":8},"end":{"line":74,"column":39}},"36":{"start":{"line":76,"column":6},"end":{"line":78,"column":7}},"37":{"start":{"line":77,"column":8},"end":{"line":77,"column":47}},"38":{"start":{"line":81,"column":6},"end":{"line":81,"column":33}},"39":{"start":{"line":83,"column":6},"end":{"line":83,"column":59}},"40":{"start":{"line":84,"column":6},"end":{"line":84,"column":54}},"41":{"start":{"line":86,"column":6},"end":{"line":86,"column":34}},"42":{"start":{"line":87,"column":6},"end":{"line":87,"column":37}},"43":{"start":{"line":91,"column":32},"end":{"line":123,"column":3}},"44":{"start":{"line":92,"column":4},"end":{"line":122,"column":5}},"45":{"start":{"line":93,"column":6},"end":{"line":93,"column":33}},"46":{"start":{"line":95,"column":23},"end":{"line":95,"column":72}},"47":{"start":{"line":96,"column":6},"end":{"line":112,"column":7}},"48":{"start":{"line":97,"column":8},"end":{"line":97,"column":34}},"49":{"start":{"line":98,"column":8},"end":{"line":98,"column":50}},"50":{"start":{"line":99,"column":8},"end":{"line":99,"column":28}},"51":{"start":{"line":100,"column":8},"end":{"line":100,"column":32}},"52":{"start":{"line":101,"column":8},"end":{"line":105,"column":10}},"53":{"start":{"line":107,"column":8},"end":{"line":111,"column":10}},"54":{"start":{"line":114,"column":6},"end":{"line":114,"column":57}},"55":{"start":{"line":115,"column":6},"end":{"line":119,"column":8}},"56":{"start":{"line":121,"column":6},"end":{"line":121,"column":34}},"57":{"start":{"line":125,"column":35},"end":{"line":144,"column":3}},"58":{"start":{"line":126,"column":4},"end":{"line":143,"column":5}},"59":{"start":{"line":127,"column":6},"end":{"line":127,"column":36}},"60":{"start":{"line":128,"column":6},"end":{"line":128,"column":32}},"61":{"start":{"line":130,"column":6},"end":{"line":130,"column":49}},"62":{"start":{"line":132,"column":6},"end":{"line":137,"column":7}},"63":{"start":{"line":133,"column":8},"end":{"line":133,"column":28}},"64":{"start":{"line":134,"column":8},"end":{"line":134,"column":32}},"65":{"start":{"line":136,"column":8},"end":{"line":136,"column":69}},"66":{"start":{"line":139,"column":6},"end":{"line":139,"column":61}},"67":{"start":{"line":140,"column":6},"end":{"line":140,"column":67}},"68":{"start":{"line":142,"column":6},"end":{"line":142,"column":37}},"69":{"start":{"line":146,"column":35},"end":{"line":153,"column":3}},"70":{"start":{"line":147,"column":4},"end":{"line":152,"column":5}},"71":{"start":{"line":148,"column":21},"end":{"line":148,"column":70}},"72":{"start":{"line":149,"column":6},"end":{"line":149,"column":36}},"73":{"start":{"line":151,"column":6},"end":{"line":151,"column":66}},"74":{"start":{"line":155,"column":36},"end":{"line":199,"column":3}},"75":{"start":{"line":156,"column":4},"end":{"line":198,"column":5}},"76":{"start":{"line":157,"column":6},"end":{"line":157,"column":98}},"77":{"start":{"line":159,"column":6},"end":{"line":194,"column":7}},"78":{"start":{"line":161,"column":8},"end":{"line":161,"column":50}},"79":{"start":{"line":162,"column":8},"end":{"line":162,"column":63}},"80":{"start":{"line":163,"column":8},"end":{"line":167,"column":12}},"81":{"start":{"line":163,"column":39},"end":{"line":167,"column":9}},"82":{"start":{"line":168,"column":8},"end":{"line":168,"column":94}},"83":{"start":{"line":171,"column":8},"end":{"line":171,"column":49}},"84":{"start":{"line":172,"column":24},"end":{"line":172,"column":80}},"85":{"start":{"line":174,"column":8},"end":{"line":193,"column":9}},"86":{"start":{"line":176,"column":34},"end":{"line":176,"column":79}},"87":{"start":{"line":177,"column":10},"end":{"line":189,"column":11}},"88":{"start":{"line":178,"column":37},"end":{"line":178,"column":99}},"89":{"start":{"line":179,"column":12},"end":{"line":183,"column":16}},"90":{"start":{"line":179,"column":43},"end":{"line":183,"column":13}},"91":{"start":{"line":185,"column":12},"end":{"line":188,"column":16}},"92":{"start":{"line":185,"column":43},"end":{"line":188,"column":13}},"93":{"start":{"line":190,"column":10},"end":{"line":190,"column":113}},"94":{"start":{"line":192,"column":10},"end":{"line":192,"column":85}},"95":{"start":{"line":196,"column":6},"end":{"line":196,"column":60}},"96":{"start":{"line":197,"column":6},"end":{"line":197,"column":70}},"97":{"start":{"line":201,"column":28},"end":{"line":205,"column":3}},"98":{"start":{"line":202,"column":27},"end":{"line":202,"column":62}},"99":{"start":{"line":203,"column":19},"end":{"line":203,"column":65}},"100":{"start":{"line":204,"column":4},"end":{"line":204,"column":27}},"101":{"start":{"line":207,"column":32},"end":{"line":210,"column":3}},"102":{"start":{"line":208,"column":21},"end":{"line":208,"column":57}},"103":{"start":{"line":209,"column":4},"end":{"line":209,"column":33}},"104":{"start":{"line":212,"column":31},"end":{"line":216,"column":3}},"105":{"start":{"line":213,"column":4},"end":{"line":213,"column":43}},"106":{"start":{"line":214,"column":4},"end":{"line":214,"column":24}},"107":{"start":{"line":215,"column":4},"end":{"line":215,"column":28}},"108":{"start":{"line":218,"column":27},"end":{"line":226,"column":3}},"109":{"start":{"line":219,"column":4},"end":{"line":219,"column":26}},"110":{"start":{"line":220,"column":25},"end":{"line":220,"column":64}},"111":{"start":{"line":220,"column":48},"end":{"line":220,"column":63}},"112":{"start":{"line":221,"column":4},"end":{"line":225,"column":5}},"113":{"start":{"line":222,"column":6},"end":{"line":222,"column":40}},"114":{"start":{"line":223,"column":6},"end":{"line":223,"column":50}},"115":{"start":{"line":224,"column":6},"end":{"line":224,"column":62}},"116":{"start":{"line":228,"column":23},"end":{"line":250,"column":3}},"117":{"start":{"line":229,"column":4},"end":{"line":249,"column":6}},"118":{"start":{"line":241,"column":12},"end":{"line":245,"column":13}},"119":{"start":{"line":242,"column":14},"end":{"line":242,"column":30}},"120":{"start":{"line":244,"column":14},"end":{"line":244,"column":74}},"121":{"start":{"line":252,"column":33},"end":{"line":258,"column":3}},"122":{"start":{"line":253,"column":4},"end":{"line":253,"column":56}},"123":{"start":{"line":253,"column":44},"end":{"line":253,"column":56}},"124":{"start":{"line":255,"column":27},"end":{"line":255,"column":62}},"125":{"start":{"line":256,"column":26},"end":{"line":256,"column":82}},"126":{"start":{"line":257,"column":4},"end":{"line":257,"column":65}},"127":{"start":{"line":260,"column":2},"end":{"line":490,"column":4}},"128":{"start":{"line":402,"column":27},"end":{"line":402,"column":55}},"129":{"start":{"line":435,"column":29},"end":{"line":435,"column":53}},"130":{"start":{"line":456,"column":29},"end":{"line":456,"column":52}},"131":{"start":{"line":484,"column":25},"end":{"line":484,"column":54}},"132":{"start":{"line":493,"column":15},"end":{"line":699,"column":2}}},"fnMap":{"0":{"name":"HomeScreen","decl":{"start":{"line":12,"column":24},"end":{"line":12,"column":34}},"loc":{"start":{"line":12,"column":37},"end":{"line":491,"column":1}},"line":12},"1":{"name":"(anonymous_1)","decl":{"start":{"line":35,"column":12},"end":{"line":35,"column":13}},"loc":{"start":{"line":35,"column":18},"end":{"line":45,"column":3}},"line":35},"2":{"name":"(anonymous_2)","decl":{"start":{"line":39,"column":33},"end":{"line":39,"column":34}},"loc":{"start":{"line":39,"column":39},"end":{"line":42,"column":5}},"line":39},"3":{"name":"(anonymous_3)","decl":{"start":{"line":44,"column":11},"end":{"line":44,"column":12}},"loc":{"start":{"line":44,"column":17},"end":{"line":44,"column":40}},"line":44},"4":{"name":"(anonymous_4)","decl":{"start":{"line":47,"column":29},"end":{"line":47,"column":30}},"loc":{"start":{"line":47,"column":41},"end":{"line":89,"column":3}},"line":47},"5":{"name":"(anonymous_5)","decl":{"start":{"line":91,"column":32},"end":{"line":91,"column":33}},"loc":{"start":{"line":91,"column":44},"end":{"line":123,"column":3}},"line":91},"6":{"name":"(anonymous_6)","decl":{"start":{"line":125,"column":35},"end":{"line":125,"column":36}},"loc":{"start":{"line":125,"column":47},"end":{"line":144,"column":3}},"line":125},"7":{"name":"(anonymous_7)","decl":{"start":{"line":146,"column":35},"end":{"line":146,"column":36}},"loc":{"start":{"line":146,"column":47},"end":{"line":153,"column":3}},"line":146},"8":{"name":"(anonymous_8)","decl":{"start":{"line":155,"column":36},"end":{"line":155,"column":37}},"loc":{"start":{"line":155,"column":48},"end":{"line":199,"column":3}},"line":155},"9":{"name":"(anonymous_9)","decl":{"start":{"line":163,"column":30},"end":{"line":163,"column":31}},"loc":{"start":{"line":163,"column":39},"end":{"line":167,"column":9}},"line":163},"10":{"name":"(anonymous_10)","decl":{"start":{"line":179,"column":34},"end":{"line":179,"column":35}},"loc":{"start":{"line":179,"column":43},"end":{"line":183,"column":13}},"line":179},"11":{"name":"(anonymous_11)","decl":{"start":{"line":185,"column":34},"end":{"line":185,"column":35}},"loc":{"start":{"line":185,"column":43},"end":{"line":188,"column":13}},"line":185},"12":{"name":"(anonymous_12)","decl":{"start":{"line":201,"column":28},"end":{"line":201,"column":29}},"loc":{"start":{"line":201,"column":34},"end":{"line":205,"column":3}},"line":201},"13":{"name":"(anonymous_13)","decl":{"start":{"line":207,"column":32},"end":{"line":207,"column":33}},"loc":{"start":{"line":207,"column":38},"end":{"line":210,"column":3}},"line":207},"14":{"name":"(anonymous_14)","decl":{"start":{"line":212,"column":31},"end":{"line":212,"column":32}},"loc":{"start":{"line":212,"column":43},"end":{"line":216,"column":3}},"line":212},"15":{"name":"(anonymous_15)","decl":{"start":{"line":218,"column":27},"end":{"line":218,"column":28}},"loc":{"start":{"line":218,"column":72},"end":{"line":226,"column":3}},"line":218},"16":{"name":"(anonymous_16)","decl":{"start":{"line":220,"column":40},"end":{"line":220,"column":41}},"loc":{"start":{"line":220,"column":48},"end":{"line":220,"column":63}},"line":220},"17":{"name":"(anonymous_17)","decl":{"start":{"line":228,"column":23},"end":{"line":228,"column":24}},"loc":{"start":{"line":228,"column":29},"end":{"line":250,"column":3}},"line":228},"18":{"name":"(anonymous_18)","decl":{"start":{"line":240,"column":19},"end":{"line":240,"column":20}},"loc":{"start":{"line":240,"column":31},"end":{"line":246,"column":11}},"line":240},"19":{"name":"(anonymous_19)","decl":{"start":{"line":252,"column":33},"end":{"line":252,"column":34}},"loc":{"start":{"line":252,"column":39},"end":{"line":258,"column":3}},"line":252},"20":{"name":"(anonymous_20)","decl":{"start":{"line":402,"column":21},"end":{"line":402,"column":22}},"loc":{"start":{"line":402,"column":27},"end":{"line":402,"column":55}},"line":402},"21":{"name":"(anonymous_21)","decl":{"start":{"line":435,"column":23},"end":{"line":435,"column":24}},"loc":{"start":{"line":435,"column":29},"end":{"line":435,"column":53}},"line":435},"22":{"name":"(anonymous_22)","decl":{"start":{"line":456,"column":23},"end":{"line":456,"column":24}},"loc":{"start":{"line":456,"column":29},"end":{"line":456,"column":52}},"line":456},"23":{"name":"(anonymous_23)","decl":{"start":{"line":484,"column":19},"end":{"line":484,"column":20}},"loc":{"start":{"line":484,"column":25},"end":{"line":484,"column":54}},"line":484}},"branchMap":{"0":{"loc":{"start":{"line":61,"column":6},"end":{"line":63,"column":7}},"type":"if","locations":[{"start":{"line":61,"column":6},"end":{"line":63,"column":7}},{"start":{},"end":{}}],"line":61},"1":{"loc":{"start":{"line":73,"column":6},"end":{"line":75,"column":7}},"type":"if","locations":[{"start":{"line":73,"column":6},"end":{"line":75,"column":7}},{"start":{},"end":{}}],"line":73},"2":{"loc":{"start":{"line":76,"column":6},"end":{"line":78,"column":7}},"type":"if","locations":[{"start":{"line":76,"column":6},"end":{"line":78,"column":7}},{"start":{},"end":{}}],"line":76},"3":{"loc":{"start":{"line":96,"column":6},"end":{"line":112,"column":7}},"type":"if","locations":[{"start":{"line":96,"column":6},"end":{"line":112,"column":7}},{"start":{"line":106,"column":13},"end":{"line":112,"column":7}}],"line":96},"4":{"loc":{"start":{"line":132,"column":6},"end":{"line":137,"column":7}},"type":"if","locations":[{"start":{"line":132,"column":6},"end":{"line":137,"column":7}},{"start":{"line":135,"column":13},"end":{"line":137,"column":7}}],"line":132},"5":{"loc":{"start":{"line":159,"column":6},"end":{"line":194,"column":7}},"type":"if","locations":[{"start":{"line":159,"column":6},"end":{"line":194,"column":7}},{"start":{"line":169,"column":13},"end":{"line":194,"column":7}}],"line":159},"6":{"loc":{"start":{"line":174,"column":8},"end":{"line":193,"column":9}},"type":"if","locations":[{"start":{"line":174,"column":8},"end":{"line":193,"column":9}},{"start":{"line":191,"column":15},"end":{"line":193,"column":9}}],"line":174},"7":{"loc":{"start":{"line":177,"column":10},"end":{"line":189,"column":11}},"type":"if","locations":[{"start":{"line":177,"column":10},"end":{"line":189,"column":11}},{"start":{"line":184,"column":17},"end":{"line":189,"column":11}}],"line":177},"8":{"loc":{"start":{"line":182,"column":36},"end":{"line":182,"column":65}},"type":"binary-expr","locations":[{"start":{"line":182,"column":36},"end":{"line":182,"column":52}},{"start":{"line":182,"column":56},"end":{"line":182,"column":65}}],"line":182},"9":{"loc":{"start":{"line":221,"column":4},"end":{"line":225,"column":5}},"type":"if","locations":[{"start":{"line":221,"column":4},"end":{"line":225,"column":5}},{"start":{},"end":{}}],"line":221},"10":{"loc":{"start":{"line":253,"column":4},"end":{"line":253,"column":56}},"type":"if","locations":[{"start":{"line":253,"column":4},"end":{"line":253,"column":56}},{"start":{},"end":{}}],"line":253},"11":{"loc":{"start":{"line":253,"column":8},"end":{"line":253,"column":42}},"type":"binary-expr","locations":[{"start":{"line":253,"column":8},"end":{"line":253,"column":21}},{"start":{"line":253,"column":25},"end":{"line":253,"column":42}}],"line":253},"12":{"loc":{"start":{"line":262,"column":72},"end":{"line":262,"column":94}},"type":"binary-expr","locations":[{"start":{"line":262,"column":72},"end":{"line":262,"column":83}},{"start":{"line":262,"column":87},"end":{"line":262,"column":94}}],"line":262},"13":{"loc":{"start":{"line":266,"column":57},"end":{"line":266,"column":79}},"type":"binary-expr","locations":[{"start":{"line":266,"column":57},"end":{"line":266,"column":68}},{"start":{"line":266,"column":72},"end":{"line":266,"column":79}}],"line":266},"14":{"loc":{"start":{"line":269,"column":60},"end":{"line":269,"column":82}},"type":"binary-expr","locations":[{"start":{"line":269,"column":60},"end":{"line":269,"column":71}},{"start":{"line":269,"column":75},"end":{"line":269,"column":82}}],"line":269},"15":{"loc":{"start":{"line":270,"column":22},"end":{"line":270,"column":137}},"type":"binary-expr","locations":[{"start":{"line":270,"column":22},"end":{"line":270,"column":39}},{"start":{"line":270,"column":43},"end":{"line":270,"column":76}},{"start":{"line":270,"column":80},"end":{"line":270,"column":97}},{"start":{"line":270,"column":101},"end":{"line":270,"column":127}},{"start":{"line":270,"column":131},"end":{"line":270,"column":137}}],"line":270},"16":{"loc":{"start":{"line":275,"column":61},"end":{"line":275,"column":83}},"type":"binary-expr","locations":[{"start":{"line":275,"column":61},"end":{"line":275,"column":72}},{"start":{"line":275,"column":76},"end":{"line":275,"column":83}}],"line":275},"17":{"loc":{"start":{"line":277,"column":62},"end":{"line":277,"column":84}},"type":"binary-expr","locations":[{"start":{"line":277,"column":62},"end":{"line":277,"column":73}},{"start":{"line":277,"column":77},"end":{"line":277,"column":84}}],"line":277},"18":{"loc":{"start":{"line":284,"column":37},"end":{"line":284,"column":135}},"type":"cond-expr","locations":[{"start":{"line":284,"column":58},"end":{"line":284,"column":96}},{"start":{"line":284,"column":99},"end":{"line":284,"column":135}}],"line":284},"19":{"loc":{"start":{"line":284,"column":65},"end":{"line":284,"column":87}},"type":"binary-expr","locations":[{"start":{"line":284,"column":65},"end":{"line":284,"column":76}},{"start":{"line":284,"column":80},"end":{"line":284,"column":87}}],"line":284},"20":{"loc":{"start":{"line":284,"column":106},"end":{"line":284,"column":128}},"type":"binary-expr","locations":[{"start":{"line":284,"column":106},"end":{"line":284,"column":117}},{"start":{"line":284,"column":121},"end":{"line":284,"column":128}}],"line":284},"21":{"loc":{"start":{"line":290,"column":27},"end":{"line":290,"column":125}},"type":"cond-expr","locations":[{"start":{"line":290,"column":48},"end":{"line":290,"column":86}},{"start":{"line":290,"column":89},"end":{"line":290,"column":125}}],"line":290},"22":{"loc":{"start":{"line":290,"column":55},"end":{"line":290,"column":77}},"type":"binary-expr","locations":[{"start":{"line":290,"column":55},"end":{"line":290,"column":66}},{"start":{"line":290,"column":70},"end":{"line":290,"column":77}}],"line":290},"23":{"loc":{"start":{"line":290,"column":96},"end":{"line":290,"column":118}},"type":"binary-expr","locations":[{"start":{"line":290,"column":96},"end":{"line":290,"column":107}},{"start":{"line":290,"column":111},"end":{"line":290,"column":118}}],"line":290},"24":{"loc":{"start":{"line":293,"column":17},"end":{"line":293,"column":55}},"type":"cond-expr","locations":[{"start":{"line":293,"column":38},"end":{"line":293,"column":44}},{"start":{"line":293,"column":47},"end":{"line":293,"column":55}}],"line":293},"25":{"loc":{"start":{"line":298,"column":11},"end":{"line":313,"column":11}},"type":"binary-expr","locations":[{"start":{"line":298,"column":11},"end":{"line":298,"column":27}},{"start":{"line":299,"column":12},"end":{"line":312,"column":19}}],"line":298},"26":{"loc":{"start":{"line":300,"column":62},"end":{"line":300,"column":84}},"type":"binary-expr","locations":[{"start":{"line":300,"column":62},"end":{"line":300,"column":73}},{"start":{"line":300,"column":77},"end":{"line":300,"column":84}}],"line":300},"27":{"loc":{"start":{"line":304,"column":72},"end":{"line":304,"column":94}},"type":"binary-expr","locations":[{"start":{"line":304,"column":72},"end":{"line":304,"column":83}},{"start":{"line":304,"column":87},"end":{"line":304,"column":94}}],"line":304},"28":{"loc":{"start":{"line":309,"column":19},"end":{"line":309,"column":69}},"type":"cond-expr","locations":[{"start":{"line":309,"column":42},"end":{"line":309,"column":57}},{"start":{"line":309,"column":60},"end":{"line":309,"column":69}}],"line":309},"29":{"loc":{"start":{"line":317,"column":61},"end":{"line":317,"column":83}},"type":"binary-expr","locations":[{"start":{"line":317,"column":61},"end":{"line":317,"column":72}},{"start":{"line":317,"column":76},"end":{"line":317,"column":83}}],"line":317},"30":{"loc":{"start":{"line":318,"column":58},"end":{"line":318,"column":80}},"type":"binary-expr","locations":[{"start":{"line":318,"column":58},"end":{"line":318,"column":69}},{"start":{"line":318,"column":73},"end":{"line":318,"column":80}}],"line":318},"31":{"loc":{"start":{"line":322,"column":11},"end":{"line":332,"column":11}},"type":"binary-expr","locations":[{"start":{"line":322,"column":11},"end":{"line":322,"column":24}},{"start":{"line":323,"column":12},"end":{"line":331,"column":31}}],"line":322},"32":{"loc":{"start":{"line":324,"column":71},"end":{"line":324,"column":93}},"type":"binary-expr","locations":[{"start":{"line":324,"column":71},"end":{"line":324,"column":82}},{"start":{"line":324,"column":86},"end":{"line":324,"column":93}}],"line":324},"33":{"loc":{"start":{"line":329,"column":17},"end":{"line":329,"column":85}},"type":"cond-expr","locations":[{"start":{"line":329,"column":37},"end":{"line":329,"column":58}},{"start":{"line":329,"column":61},"end":{"line":329,"column":85}}],"line":329},"34":{"loc":{"start":{"line":334,"column":11},"end":{"line":358,"column":11}},"type":"binary-expr","locations":[{"start":{"line":334,"column":11},"end":{"line":334,"column":23}},{"start":{"line":335,"column":12},"end":{"line":357,"column":15}}],"line":334},"35":{"loc":{"start":{"line":337,"column":68},"end":{"line":337,"column":90}},"type":"binary-expr","locations":[{"start":{"line":337,"column":68},"end":{"line":337,"column":79}},{"start":{"line":337,"column":83},"end":{"line":337,"column":90}}],"line":337},"36":{"loc":{"start":{"line":340,"column":67},"end":{"line":340,"column":89}},"type":"binary-expr","locations":[{"start":{"line":340,"column":67},"end":{"line":340,"column":78}},{"start":{"line":340,"column":82},"end":{"line":340,"column":89}}],"line":340},"37":{"loc":{"start":{"line":346,"column":67},"end":{"line":346,"column":89}},"type":"binary-expr","locations":[{"start":{"line":346,"column":67},"end":{"line":346,"column":78}},{"start":{"line":346,"column":82},"end":{"line":346,"column":89}}],"line":346},"38":{"loc":{"start":{"line":352,"column":63},"end":{"line":352,"column":85}},"type":"binary-expr","locations":[{"start":{"line":352,"column":63},"end":{"line":352,"column":74}},{"start":{"line":352,"column":78},"end":{"line":352,"column":85}}],"line":352},"39":{"loc":{"start":{"line":353,"column":30},"end":{"line":353,"column":98}},"type":"cond-expr","locations":[{"start":{"line":353,"column":77},"end":{"line":353,"column":86}},{"start":{"line":353,"column":89},"end":{"line":353,"column":98}}],"line":353},"40":{"loc":{"start":{"line":362,"column":61},"end":{"line":362,"column":83}},"type":"binary-expr","locations":[{"start":{"line":362,"column":61},"end":{"line":362,"column":72}},{"start":{"line":362,"column":76},"end":{"line":362,"column":83}}],"line":362},"41":{"loc":{"start":{"line":363,"column":58},"end":{"line":363,"column":80}},"type":"binary-expr","locations":[{"start":{"line":363,"column":58},"end":{"line":363,"column":69}},{"start":{"line":363,"column":73},"end":{"line":363,"column":80}}],"line":363},"42":{"loc":{"start":{"line":367,"column":11},"end":{"line":371,"column":11}},"type":"binary-expr","locations":[{"start":{"line":367,"column":11},"end":{"line":367,"column":49}},{"start":{"line":368,"column":12},"end":{"line":370,"column":19}}],"line":367},"43":{"loc":{"start":{"line":368,"column":70},"end":{"line":368,"column":92}},"type":"binary-expr","locations":[{"start":{"line":368,"column":70},"end":{"line":368,"column":81}},{"start":{"line":368,"column":85},"end":{"line":368,"column":92}}],"line":368},"44":{"loc":{"start":{"line":375,"column":70},"end":{"line":375,"column":92}},"type":"binary-expr","locations":[{"start":{"line":375,"column":70},"end":{"line":375,"column":81}},{"start":{"line":375,"column":85},"end":{"line":375,"column":92}}],"line":375},"45":{"loc":{"start":{"line":378,"column":15},"end":{"line":382,"column":15}},"type":"binary-expr","locations":[{"start":{"line":378,"column":15},"end":{"line":378,"column":54}},{"start":{"line":379,"column":16},"end":{"line":381,"column":23}}],"line":378},"46":{"loc":{"start":{"line":379,"column":71},"end":{"line":379,"column":93}},"type":"binary-expr","locations":[{"start":{"line":379,"column":71},"end":{"line":379,"column":82}},{"start":{"line":379,"column":86},"end":{"line":379,"column":93}}],"line":379},"47":{"loc":{"start":{"line":387,"column":59},"end":{"line":387,"column":81}},"type":"binary-expr","locations":[{"start":{"line":387,"column":59},"end":{"line":387,"column":70}},{"start":{"line":387,"column":74},"end":{"line":387,"column":81}}],"line":387},"48":{"loc":{"start":{"line":388,"column":26},"end":{"line":388,"column":86}},"type":"cond-expr","locations":[{"start":{"line":388,"column":65},"end":{"line":388,"column":74}},{"start":{"line":388,"column":77},"end":{"line":388,"column":86}}],"line":388},"49":{"loc":{"start":{"line":395,"column":61},"end":{"line":395,"column":83}},"type":"binary-expr","locations":[{"start":{"line":395,"column":61},"end":{"line":395,"column":72}},{"start":{"line":395,"column":76},"end":{"line":395,"column":83}}],"line":395},"50":{"loc":{"start":{"line":396,"column":58},"end":{"line":396,"column":80}},"type":"binary-expr","locations":[{"start":{"line":396,"column":58},"end":{"line":396,"column":69}},{"start":{"line":396,"column":73},"end":{"line":396,"column":80}}],"line":396},"51":{"loc":{"start":{"line":401,"column":68},"end":{"line":401,"column":90}},"type":"binary-expr","locations":[{"start":{"line":401,"column":68},"end":{"line":401,"column":79}},{"start":{"line":401,"column":83},"end":{"line":401,"column":90}}],"line":401},"52":{"loc":{"start":{"line":405,"column":15},"end":{"line":405,"column":93}},"type":"cond-expr","locations":[{"start":{"line":405,"column":50},"end":{"line":405,"column":70}},{"start":{"line":405,"column":73},"end":{"line":405,"column":93}}],"line":405},"53":{"loc":{"start":{"line":405,"column":15},"end":{"line":405,"column":47}},"type":"binary-expr","locations":[{"start":{"line":405,"column":15},"end":{"line":405,"column":27}},{"start":{"line":405,"column":31},"end":{"line":405,"column":47}}],"line":405},"54":{"loc":{"start":{"line":409,"column":11},"end":{"line":418,"column":11}},"type":"binary-expr","locations":[{"start":{"line":409,"column":11},"end":{"line":409,"column":23}},{"start":{"line":409,"column":27},"end":{"line":409,"column":43}},{"start":{"line":410,"column":12},"end":{"line":417,"column":19}}],"line":409},"55":{"loc":{"start":{"line":411,"column":74},"end":{"line":411,"column":96}},"type":"binary-expr","locations":[{"start":{"line":411,"column":74},"end":{"line":411,"column":85}},{"start":{"line":411,"column":89},"end":{"line":411,"column":96}}],"line":411},"56":{"loc":{"start":{"line":414,"column":69},"end":{"line":414,"column":91}},"type":"binary-expr","locations":[{"start":{"line":414,"column":69},"end":{"line":414,"column":80}},{"start":{"line":414,"column":84},"end":{"line":414,"column":91}}],"line":414},"57":{"loc":{"start":{"line":422,"column":61},"end":{"line":422,"column":83}},"type":"binary-expr","locations":[{"start":{"line":422,"column":61},"end":{"line":422,"column":72}},{"start":{"line":422,"column":76},"end":{"line":422,"column":83}}],"line":422},"58":{"loc":{"start":{"line":423,"column":58},"end":{"line":423,"column":80}},"type":"binary-expr","locations":[{"start":{"line":423,"column":58},"end":{"line":423,"column":69}},{"start":{"line":423,"column":73},"end":{"line":423,"column":80}}],"line":423},"59":{"loc":{"start":{"line":431,"column":35},"end":{"line":431,"column":104}},"type":"cond-expr","locations":[{"start":{"line":431,"column":53},"end":{"line":431,"column":88}},{"start":{"line":431,"column":91},"end":{"line":431,"column":104}}],"line":431},"60":{"loc":{"start":{"line":431,"column":60},"end":{"line":431,"column":82}},"type":"binary-expr","locations":[{"start":{"line":431,"column":60},"end":{"line":431,"column":71}},{"start":{"line":431,"column":75},"end":{"line":431,"column":82}}],"line":431},"61":{"loc":{"start":{"line":432,"column":38},"end":{"line":432,"column":60}},"type":"binary-expr","locations":[{"start":{"line":432,"column":38},"end":{"line":432,"column":49}},{"start":{"line":432,"column":53},"end":{"line":432,"column":60}}],"line":432},"62":{"loc":{"start":{"line":441,"column":27},"end":{"line":441,"column":92}},"type":"cond-expr","locations":[{"start":{"line":441,"column":45},"end":{"line":441,"column":54}},{"start":{"line":441,"column":57},"end":{"line":441,"column":92}}],"line":441},"63":{"loc":{"start":{"line":441,"column":64},"end":{"line":441,"column":86}},"type":"binary-expr","locations":[{"start":{"line":441,"column":64},"end":{"line":441,"column":75}},{"start":{"line":441,"column":79},"end":{"line":441,"column":86}}],"line":441},"64":{"loc":{"start":{"line":452,"column":35},"end":{"line":452,"column":103}},"type":"cond-expr","locations":[{"start":{"line":452,"column":52},"end":{"line":452,"column":87}},{"start":{"line":452,"column":90},"end":{"line":452,"column":103}}],"line":452},"65":{"loc":{"start":{"line":452,"column":59},"end":{"line":452,"column":81}},"type":"binary-expr","locations":[{"start":{"line":452,"column":59},"end":{"line":452,"column":70}},{"start":{"line":452,"column":74},"end":{"line":452,"column":81}}],"line":452},"66":{"loc":{"start":{"line":453,"column":38},"end":{"line":453,"column":60}},"type":"binary-expr","locations":[{"start":{"line":453,"column":38},"end":{"line":453,"column":49}},{"start":{"line":453,"column":53},"end":{"line":453,"column":60}}],"line":453},"67":{"loc":{"start":{"line":462,"column":27},"end":{"line":462,"column":91}},"type":"cond-expr","locations":[{"start":{"line":462,"column":44},"end":{"line":462,"column":53}},{"start":{"line":462,"column":56},"end":{"line":462,"column":91}}],"line":462},"68":{"loc":{"start":{"line":462,"column":63},"end":{"line":462,"column":85}},"type":"binary-expr","locations":[{"start":{"line":462,"column":63},"end":{"line":462,"column":74}},{"start":{"line":462,"column":78},"end":{"line":462,"column":85}}],"line":462},"69":{"loc":{"start":{"line":474,"column":65},"end":{"line":474,"column":87}},"type":"binary-expr","locations":[{"start":{"line":474,"column":65},"end":{"line":474,"column":76}},{"start":{"line":474,"column":80},"end":{"line":474,"column":87}}],"line":474}},"s":{"0":0,"1":0,"2":0,"3":0,"4":0,"5":0,"6":0,"7":0,"8":0,"9":0,"10":0,"11":0,"12":0,"13":0,"14":0,"15":0,"16":0,"17":0,"18":0,"19":0,"20":0,"21":0,"22":0,"23":0,"24":0,"25":0,"26":0,"27":0,"28":0,"29":0,"30":0,"31":0,"32":0,"33":0,"34":0,"35":0,"36":0,"37":0,"38":0,"39":0,"40":0,"41":0,"42":0,"43":0,"44":0,"45":0,"46":0,"47":0,"48":0,"49":0,"50":0,"51":0,"52":0,"53":0,"54":0,"55":0,"56":0,"57":0,"58":0,"59":0,"60":0,"61":0,"62":0,"63":0,"64":0,"65":0,"66":0,"67":0,"68":0,"69":0,"70":0,"71":0,"72":0,"73":0,"74":0,"75":0,"76":0,"77":0,"78":0,"79":0,"80":0,"81":0,"82":0,"83":0,"84":0,"85":0,"86":0,"87":0,"88":0,"89":0,"90":0,"91":0,"92":0,"93":0,"94":0,"95":0,"96":0,"97":0,"98":0,"99":0,"100":0,"101":0,"102":0,"103":0,"104":0,"105":0,"106":0,"107":0,"108":0,"109":0,"110":0,"111":0,"112":0,"113":0,"114":0,"115":0,"116":0,"117":0,"118":0,"119":0,"120":0,"121":0,"122":0,"123":0,"124":0,"125":0,"126":0,"127":0,"128":0,"129":0,"130":0,"131":0,"132":0},"f":{"0":0,"1":0,"2":0,"3":0,"4":0,"5":0,"6":0,"7":0,"8":0,"9":0,"10":0,"11":0,"12":0,"13":0,"14":0,"15":0,"16":0,"17":0,"18":0,"19":0,"20":0,"21":0,"22":0,"23":0},"b":{"0":[0,0],"1":[0,0],"2":[0,0],"3":[0,0],"4":[0,0],"5":[0,0],"6":[0,0],"7":[0,0],"8":[0,0],"9":[0,0],"10":[0,0],"11":[0,0],"12":[0,0],"13":[0,0],"14":[0,0],"15":[0,0,0,0,0],"16":[0,0],"17":[0,0],"18":[0,0],"19":[0,0],"20":[0,0],"21":[0,0],"22":[0,0],"23":[0,0],"24":[0,0],"25":[0,0],"26":[0,0],"27":[0,0],"28":[0,0],"29":[0,0],"30":[0,0],"31":[0,0],"32":[0,0],"33":[0,0],"34":[0,0],"35":[0,0],"36":[0,0],"37":[0,0],"38":[0,0],"39":[0,0],"40":[0,0],"41":[0,0],"42":[0,0],"43":[0,0],"44":[0,0],"45":[0,0],"46":[0,0],"47":[0,0],"48":[0,0],"49":[0,0],"50":[0,0],"51":[0,0],"52":[0,0],"53":[0,0],"54":[0,0,0],"55":[0,0],"56":[0,0],"57":[0,0],"58":[0,0],"59":[0,0],"60":[0,0],"61":[0,0],"62":[0,0],"63":[0,0],"64":[0,0],"65":[0,0],"66":[0,0],"67":[0,0],"68":[0,0],"69":[0,0]}}
,"/Users/faizanpersonal/Documents/perdiem/test-app/app/auth/_layout.tsx": {"path":"/Users/faizanpersonal/Documents/perdiem/test-app/app/auth/_layout.tsx","statementMap":{"0":{"start":{"line":4,"column":2},"end":{"line":9,"column":4}}},"fnMap":{"0":{"name":"AuthLayout","decl":{"start":{"line":3,"column":24},"end":{"line":3,"column":34}},"loc":{"start":{"line":3,"column":37},"end":{"line":10,"column":1}},"line":3}},"branchMap":{},"s":{"0":0},"f":{"0":0},"b":{}}
,"/Users/faizanpersonal/Documents/perdiem/test-app/app/auth/login.tsx": {"path":"/Users/faizanpersonal/Documents/perdiem/test-app/app/auth/login.tsx","statementMap":{"0":{"start":{"line":19,"column":28},"end":{"line":19,"column":40}},"1":{"start":{"line":20,"column":34},"end":{"line":20,"column":46}},"2":{"start":{"line":21,"column":36},"end":{"line":21,"column":51}},"3":{"start":{"line":22,"column":48},"end":{"line":22,"column":57}},"4":{"start":{"line":23,"column":22},"end":{"line":23,"column":38}},"5":{"start":{"line":25,"column":27},"end":{"line":40,"column":3}},"6":{"start":{"line":26,"column":4},"end":{"line":29,"column":5}},"7":{"start":{"line":27,"column":6},"end":{"line":27,"column":56}},"8":{"start":{"line":28,"column":6},"end":{"line":28,"column":13}},"9":{"start":{"line":31,"column":4},"end":{"line":39,"column":5}},"10":{"start":{"line":32,"column":6},"end":{"line":32,"column":25}},"11":{"start":{"line":33,"column":6},"end":{"line":33,"column":45}},"12":{"start":{"line":34,"column":6},"end":{"line":34,"column":26}},"13":{"start":{"line":36,"column":6},"end":{"line":36,"column":69}},"14":{"start":{"line":38,"column":6},"end":{"line":38,"column":26}},"15":{"start":{"line":42,"column":28},"end":{"line":52,"column":3}},"16":{"start":{"line":43,"column":4},"end":{"line":51,"column":5}},"17":{"start":{"line":44,"column":6},"end":{"line":44,"column":25}},"18":{"start":{"line":45,"column":6},"end":{"line":45,"column":31}},"19":{"start":{"line":46,"column":6},"end":{"line":46,"column":26}},"20":{"start":{"line":48,"column":6},"end":{"line":48,"column":71}},"21":{"start":{"line":50,"column":6},"end":{"line":50,"column":26}},"22":{"start":{"line":54,"column":27},"end":{"line":56,"column":3}},"23":{"start":{"line":55,"column":4},"end":{"line":55,"column":32}},"24":{"start":{"line":58,"column":2},"end":{"line":154,"column":4}},"25":{"start":{"line":157,"column":15},"end":{"line":237,"column":2}}},"fnMap":{"0":{"name":"LoginScreen","decl":{"start":{"line":18,"column":24},"end":{"line":18,"column":35}},"loc":{"start":{"line":18,"column":38},"end":{"line":155,"column":1}},"line":18},"1":{"name":"(anonymous_1)","decl":{"start":{"line":25,"column":27},"end":{"line":25,"column":28}},"loc":{"start":{"line":25,"column":39},"end":{"line":40,"column":3}},"line":25},"2":{"name":"(anonymous_2)","decl":{"start":{"line":42,"column":28},"end":{"line":42,"column":29}},"loc":{"start":{"line":42,"column":40},"end":{"line":52,"column":3}},"line":42},"3":{"name":"(anonymous_3)","decl":{"start":{"line":54,"column":27},"end":{"line":54,"column":28}},"loc":{"start":{"line":54,"column":33},"end":{"line":56,"column":3}},"line":54}},"branchMap":{"0":{"loc":{"start":{"line":26,"column":4},"end":{"line":29,"column":5}},"type":"if","locations":[{"start":{"line":26,"column":4},"end":{"line":29,"column":5}},{"start":{},"end":{}}],"line":26},"1":{"loc":{"start":{"line":26,"column":8},"end":{"line":26,"column":27}},"type":"binary-expr","locations":[{"start":{"line":26,"column":8},"end":{"line":26,"column":14}},{"start":{"line":26,"column":18},"end":{"line":26,"column":27}}],"line":26},"2":{"loc":{"start":{"line":61,"column":16},"end":{"line":61,"column":60}},"type":"cond-expr","locations":[{"start":{"line":61,"column":40},"end":{"line":61,"column":49}},{"start":{"line":61,"column":52},"end":{"line":61,"column":60}}],"line":61},"3":{"loc":{"start":{"line":65,"column":54},"end":{"line":65,"column":76}},"type":"binary-expr","locations":[{"start":{"line":65,"column":54},"end":{"line":65,"column":65}},{"start":{"line":65,"column":69},"end":{"line":65,"column":76}}],"line":65},"4":{"loc":{"start":{"line":68,"column":57},"end":{"line":68,"column":79}},"type":"binary-expr","locations":[{"start":{"line":68,"column":57},"end":{"line":68,"column":68}},{"start":{"line":68,"column":72},"end":{"line":68,"column":79}}],"line":68},"5":{"loc":{"start":{"line":77,"column":42},"end":{"line":77,"column":64}},"type":"binary-expr","locations":[{"start":{"line":77,"column":42},"end":{"line":77,"column":53}},{"start":{"line":77,"column":57},"end":{"line":77,"column":64}}],"line":77},"6":{"loc":{"start":{"line":78,"column":32},"end":{"line":78,"column":54}},"type":"binary-expr","locations":[{"start":{"line":78,"column":32},"end":{"line":78,"column":43}},{"start":{"line":78,"column":47},"end":{"line":78,"column":54}}],"line":78},"7":{"loc":{"start":{"line":79,"column":38},"end":{"line":79,"column":60}},"type":"binary-expr","locations":[{"start":{"line":79,"column":38},"end":{"line":79,"column":49}},{"start":{"line":79,"column":53},"end":{"line":79,"column":60}}],"line":79},"8":{"loc":{"start":{"line":83,"column":43},"end":{"line":83,"column":65}},"type":"binary-expr","locations":[{"start":{"line":83,"column":43},"end":{"line":83,"column":54}},{"start":{"line":83,"column":58},"end":{"line":83,"column":65}}],"line":83},"9":{"loc":{"start":{"line":95,"column":42},"end":{"line":95,"column":64}},"type":"binary-expr","locations":[{"start":{"line":95,"column":42},"end":{"line":95,"column":53}},{"start":{"line":95,"column":57},"end":{"line":95,"column":64}}],"line":95},"10":{"loc":{"start":{"line":96,"column":32},"end":{"line":96,"column":54}},"type":"binary-expr","locations":[{"start":{"line":96,"column":32},"end":{"line":96,"column":43}},{"start":{"line":96,"column":47},"end":{"line":96,"column":54}}],"line":96},"11":{"loc":{"start":{"line":97,"column":38},"end":{"line":97,"column":60}},"type":"binary-expr","locations":[{"start":{"line":97,"column":38},"end":{"line":97,"column":49}},{"start":{"line":97,"column":53},"end":{"line":97,"column":60}}],"line":97},"12":{"loc":{"start":{"line":101,"column":43},"end":{"line":101,"column":65}},"type":"binary-expr","locations":[{"start":{"line":101,"column":43},"end":{"line":101,"column":54}},{"start":{"line":101,"column":58},"end":{"line":101,"column":65}}],"line":101},"13":{"loc":{"start":{"line":113,"column":27},"end":{"line":113,"column":46}},"type":"cond-expr","locations":[{"start":{"line":113,"column":39},"end":{"line":113,"column":42}},{"start":{"line":113,"column":45},"end":{"line":113,"column":46}}],"line":113},"14":{"loc":{"start":{"line":120,"column":17},"end":{"line":120,"column":56}},"type":"cond-expr","locations":[{"start":{"line":120,"column":29},"end":{"line":120,"column":44}},{"start":{"line":120,"column":47},"end":{"line":120,"column":56}}],"line":120},"15":{"loc":{"start":{"line":125,"column":74},"end":{"line":125,"column":96}},"type":"binary-expr","locations":[{"start":{"line":125,"column":74},"end":{"line":125,"column":85}},{"start":{"line":125,"column":89},"end":{"line":125,"column":96}}],"line":125},"16":{"loc":{"start":{"line":126,"column":64},"end":{"line":126,"column":86}},"type":"binary-expr","locations":[{"start":{"line":126,"column":64},"end":{"line":126,"column":75}},{"start":{"line":126,"column":79},"end":{"line":126,"column":86}}],"line":126},"17":{"loc":{"start":{"line":129,"column":74},"end":{"line":129,"column":96}},"type":"binary-expr","locations":[{"start":{"line":129,"column":74},"end":{"line":129,"column":85}},{"start":{"line":129,"column":89},"end":{"line":129,"column":96}}],"line":129},"18":{"loc":{"start":{"line":137,"column":38},"end":{"line":137,"column":60}},"type":"binary-expr","locations":[{"start":{"line":137,"column":38},"end":{"line":137,"column":49}},{"start":{"line":137,"column":53},"end":{"line":137,"column":60}}],"line":137},"19":{"loc":{"start":{"line":138,"column":27},"end":{"line":138,"column":46}},"type":"cond-expr","locations":[{"start":{"line":138,"column":39},"end":{"line":138,"column":42}},{"start":{"line":138,"column":45},"end":{"line":138,"column":46}}],"line":138},"20":{"loc":{"start":{"line":145,"column":17},"end":{"line":145,"column":69}},"type":"cond-expr","locations":[{"start":{"line":145,"column":29},"end":{"line":145,"column":44}},{"start":{"line":145,"column":47},"end":{"line":145,"column":69}}],"line":145}},"s":{"0":0,"1":0,"2":0,"3":0,"4":0,"5":0,"6":0,"7":0,"8":0,"9":0,"10":0,"11":0,"12":0,"13":0,"14":0,"15":0,"16":0,"17":0,"18":0,"19":0,"20":0,"21":0,"22":0,"23":0,"24":0,"25":0},"f":{"0":0,"1":0,"2":0,"3":0},"b":{"0":[0,0],"1":[0,0],"2":[0,0],"3":[0,0],"4":[0,0],"5":[0,0],"6":[0,0],"7":[0,0],"8":[0,0],"9":[0,0],"10":[0,0],"11":[0,0],"12":[0,0],"13":[0,0],"14":[0,0],"15":[0,0],"16":[0,0],"17":[0,0],"18":[0,0],"19":[0,0],"20":[0,0]}}
,"/Users/faizanpersonal/Documents/perdiem/test-app/app/auth/signup.tsx": {"path":"/Users/faizanpersonal/Documents/perdiem/test-app/app/auth/signup.tsx","statementMap":{"0":{"start":{"line":19,"column":40},"end":{"line":19,"column":52}},"1":{"start":{"line":20,"column":28},"end":{"line":20,"column":40}},"2":{"start":{"line":21,"column":34},"end":{"line":21,"column":46}},"3":{"start":{"line":22,"column":48},"end":{"line":22,"column":60}},"4":{"start":{"line":23,"column":36},"end":{"line":23,"column":51}},"5":{"start":{"line":24,"column":48},"end":{"line":24,"column":57}},"6":{"start":{"line":25,"column":22},"end":{"line":25,"column":38}},"7":{"start":{"line":27,"column":28},"end":{"line":52,"column":3}},"8":{"start":{"line":28,"column":4},"end":{"line":31,"column":5}},"9":{"start":{"line":29,"column":6},"end":{"line":29,"column":56}},"10":{"start":{"line":30,"column":6},"end":{"line":30,"column":13}},"11":{"start":{"line":33,"column":4},"end":{"line":36,"column":5}},"12":{"start":{"line":34,"column":6},"end":{"line":34,"column":53}},"13":{"start":{"line":35,"column":6},"end":{"line":35,"column":13}},"14":{"start":{"line":38,"column":4},"end":{"line":41,"column":5}},"15":{"start":{"line":39,"column":6},"end":{"line":39,"column":74}},"16":{"start":{"line":40,"column":6},"end":{"line":40,"column":13}},"17":{"start":{"line":43,"column":4},"end":{"line":51,"column":5}},"18":{"start":{"line":44,"column":6},"end":{"line":44,"column":25}},"19":{"start":{"line":45,"column":6},"end":{"line":45,"column":58}},"20":{"start":{"line":46,"column":6},"end":{"line":46,"column":26}},"21":{"start":{"line":48,"column":6},"end":{"line":48,"column":63}},"22":{"start":{"line":50,"column":6},"end":{"line":50,"column":26}},"23":{"start":{"line":54,"column":29},"end":{"line":64,"column":3}},"24":{"start":{"line":55,"column":4},"end":{"line":63,"column":5}},"25":{"start":{"line":56,"column":6},"end":{"line":56,"column":25}},"26":{"start":{"line":57,"column":6},"end":{"line":57,"column":31}},"27":{"start":{"line":58,"column":6},"end":{"line":58,"column":26}},"28":{"start":{"line":60,"column":6},"end":{"line":60,"column":71}},"29":{"start":{"line":62,"column":6},"end":{"line":62,"column":26}},"30":{"start":{"line":66,"column":26},"end":{"line":68,"column":3}},"31":{"start":{"line":67,"column":4},"end":{"line":67,"column":31}},"32":{"start":{"line":70,"column":2},"end":{"line":209,"column":4}},"33":{"start":{"line":212,"column":15},"end":{"line":292,"column":2}}},"fnMap":{"0":{"name":"SignupScreen","decl":{"start":{"line":18,"column":24},"end":{"line":18,"column":36}},"loc":{"start":{"line":18,"column":39},"end":{"line":210,"column":1}},"line":18},"1":{"name":"(anonymous_1)","decl":{"start":{"line":27,"column":28},"end":{"line":27,"column":29}},"loc":{"start":{"line":27,"column":40},"end":{"line":52,"column":3}},"line":27},"2":{"name":"(anonymous_2)","decl":{"start":{"line":54,"column":29},"end":{"line":54,"column":30}},"loc":{"start":{"line":54,"column":41},"end":{"line":64,"column":3}},"line":54},"3":{"name":"(anonymous_3)","decl":{"start":{"line":66,"column":26},"end":{"line":66,"column":27}},"loc":{"start":{"line":66,"column":32},"end":{"line":68,"column":3}},"line":66}},"branchMap":{"0":{"loc":{"start":{"line":28,"column":4},"end":{"line":31,"column":5}},"type":"if","locations":[{"start":{"line":28,"column":4},"end":{"line":31,"column":5}},{"start":{},"end":{}}],"line":28},"1":{"loc":{"start":{"line":28,"column":8},"end":{"line":28,"column":63}},"type":"binary-expr","locations":[{"start":{"line":28,"column":8},"end":{"line":28,"column":20}},{"start":{"line":28,"column":24},"end":{"line":28,"column":30}},{"start":{"line":28,"column":34},"end":{"line":28,"column":43}},{"start":{"line":28,"column":47},"end":{"line":28,"column":63}}],"line":28},"2":{"loc":{"start":{"line":33,"column":4},"end":{"line":36,"column":5}},"type":"if","locations":[{"start":{"line":33,"column":4},"end":{"line":36,"column":5}},{"start":{},"end":{}}],"line":33},"3":{"loc":{"start":{"line":38,"column":4},"end":{"line":41,"column":5}},"type":"if","locations":[{"start":{"line":38,"column":4},"end":{"line":41,"column":5}},{"start":{},"end":{}}],"line":38},"4":{"loc":{"start":{"line":73,"column":16},"end":{"line":73,"column":60}},"type":"cond-expr","locations":[{"start":{"line":73,"column":40},"end":{"line":73,"column":49}},{"start":{"line":73,"column":52},"end":{"line":73,"column":60}}],"line":73},"5":{"loc":{"start":{"line":77,"column":54},"end":{"line":77,"column":76}},"type":"binary-expr","locations":[{"start":{"line":77,"column":54},"end":{"line":77,"column":65}},{"start":{"line":77,"column":69},"end":{"line":77,"column":76}}],"line":77},"6":{"loc":{"start":{"line":80,"column":57},"end":{"line":80,"column":79}},"type":"binary-expr","locations":[{"start":{"line":80,"column":57},"end":{"line":80,"column":68}},{"start":{"line":80,"column":72},"end":{"line":80,"column":79}}],"line":80},"7":{"loc":{"start":{"line":89,"column":42},"end":{"line":89,"column":64}},"type":"binary-expr","locations":[{"start":{"line":89,"column":42},"end":{"line":89,"column":53}},{"start":{"line":89,"column":57},"end":{"line":89,"column":64}}],"line":89},"8":{"loc":{"start":{"line":90,"column":32},"end":{"line":90,"column":54}},"type":"binary-expr","locations":[{"start":{"line":90,"column":32},"end":{"line":90,"column":43}},{"start":{"line":90,"column":47},"end":{"line":90,"column":54}}],"line":90},"9":{"loc":{"start":{"line":91,"column":38},"end":{"line":91,"column":60}},"type":"binary-expr","locations":[{"start":{"line":91,"column":38},"end":{"line":91,"column":49}},{"start":{"line":91,"column":53},"end":{"line":91,"column":60}}],"line":91},"10":{"loc":{"start":{"line":95,"column":43},"end":{"line":95,"column":65}},"type":"binary-expr","locations":[{"start":{"line":95,"column":43},"end":{"line":95,"column":54}},{"start":{"line":95,"column":58},"end":{"line":95,"column":65}}],"line":95},"11":{"loc":{"start":{"line":106,"column":42},"end":{"line":106,"column":64}},"type":"binary-expr","locations":[{"start":{"line":106,"column":42},"end":{"line":106,"column":53}},{"start":{"line":106,"column":57},"end":{"line":106,"column":64}}],"line":106},"12":{"loc":{"start":{"line":107,"column":32},"end":{"line":107,"column":54}},"type":"binary-expr","locations":[{"start":{"line":107,"column":32},"end":{"line":107,"column":43}},{"start":{"line":107,"column":47},"end":{"line":107,"column":54}}],"line":107},"13":{"loc":{"start":{"line":108,"column":38},"end":{"line":108,"column":60}},"type":"binary-expr","locations":[{"start":{"line":108,"column":38},"end":{"line":108,"column":49}},{"start":{"line":108,"column":53},"end":{"line":108,"column":60}}],"line":108},"14":{"loc":{"start":{"line":112,"column":43},"end":{"line":112,"column":65}},"type":"binary-expr","locations":[{"start":{"line":112,"column":43},"end":{"line":112,"column":54}},{"start":{"line":112,"column":58},"end":{"line":112,"column":65}}],"line":112},"15":{"loc":{"start":{"line":124,"column":42},"end":{"line":124,"column":64}},"type":"binary-expr","locations":[{"start":{"line":124,"column":42},"end":{"line":124,"column":53}},{"start":{"line":124,"column":57},"end":{"line":124,"column":64}}],"line":124},"16":{"loc":{"start":{"line":125,"column":32},"end":{"line":125,"column":54}},"type":"binary-expr","locations":[{"start":{"line":125,"column":32},"end":{"line":125,"column":43}},{"start":{"line":125,"column":47},"end":{"line":125,"column":54}}],"line":125},"17":{"loc":{"start":{"line":126,"column":38},"end":{"line":126,"column":60}},"type":"binary-expr","locations":[{"start":{"line":126,"column":38},"end":{"line":126,"column":49}},{"start":{"line":126,"column":53},"end":{"line":126,"column":60}}],"line":126},"18":{"loc":{"start":{"line":130,"column":43},"end":{"line":130,"column":65}},"type":"binary-expr","locations":[{"start":{"line":130,"column":43},"end":{"line":130,"column":54}},{"start":{"line":130,"column":58},"end":{"line":130,"column":65}}],"line":130},"19":{"loc":{"start":{"line":141,"column":42},"end":{"line":141,"column":64}},"type":"binary-expr","locations":[{"start":{"line":141,"column":42},"end":{"line":141,"column":53}},{"start":{"line":141,"column":57},"end":{"line":141,"column":64}}],"line":141},"20":{"loc":{"start":{"line":142,"column":32},"end":{"line":142,"column":54}},"type":"binary-expr","locations":[{"start":{"line":142,"column":32},"end":{"line":142,"column":43}},{"start":{"line":142,"column":47},"end":{"line":142,"column":54}}],"line":142},"21":{"loc":{"start":{"line":143,"column":38},"end":{"line":143,"column":60}},"type":"binary-expr","locations":[{"start":{"line":143,"column":38},"end":{"line":143,"column":49}},{"start":{"line":143,"column":53},"end":{"line":143,"column":60}}],"line":143},"22":{"loc":{"start":{"line":147,"column":43},"end":{"line":147,"column":65}},"type":"binary-expr","locations":[{"start":{"line":147,"column":43},"end":{"line":147,"column":54}},{"start":{"line":147,"column":58},"end":{"line":147,"column":65}}],"line":147},"23":{"loc":{"start":{"line":159,"column":27},"end":{"line":159,"column":46}},"type":"cond-expr","locations":[{"start":{"line":159,"column":39},"end":{"line":159,"column":42}},{"start":{"line":159,"column":45},"end":{"line":159,"column":46}}],"line":159},"24":{"loc":{"start":{"line":166,"column":17},"end":{"line":166,"column":69}},"type":"cond-expr","locations":[{"start":{"line":166,"column":29},"end":{"line":166,"column":50}},{"start":{"line":166,"column":53},"end":{"line":166,"column":69}}],"line":166},"25":{"loc":{"start":{"line":171,"column":74},"end":{"line":171,"column":96}},"type":"binary-expr","locations":[{"start":{"line":171,"column":74},"end":{"line":171,"column":85}},{"start":{"line":171,"column":89},"end":{"line":171,"column":96}}],"line":171},"26":{"loc":{"start":{"line":172,"column":64},"end":{"line":172,"column":86}},"type":"binary-expr","locations":[{"start":{"line":172,"column":64},"end":{"line":172,"column":75}},{"start":{"line":172,"column":79},"end":{"line":172,"column":86}}],"line":172},"27":{"loc":{"start":{"line":175,"column":74},"end":{"line":175,"column":96}},"type":"binary-expr","locations":[{"start":{"line":175,"column":74},"end":{"line":175,"column":85}},{"start":{"line":175,"column":89},"end":{"line":175,"column":96}}],"line":175},"28":{"loc":{"start":{"line":183,"column":38},"end":{"line":183,"column":60}},"type":"binary-expr","locations":[{"start":{"line":183,"column":38},"end":{"line":183,"column":49}},{"start":{"line":183,"column":53},"end":{"line":183,"column":60}}],"line":183},"29":{"loc":{"start":{"line":184,"column":27},"end":{"line":184,"column":46}},"type":"cond-expr","locations":[{"start":{"line":184,"column":39},"end":{"line":184,"column":42}},{"start":{"line":184,"column":45},"end":{"line":184,"column":46}}],"line":184},"30":{"loc":{"start":{"line":191,"column":17},"end":{"line":191,"column":69}},"type":"cond-expr","locations":[{"start":{"line":191,"column":29},"end":{"line":191,"column":44}},{"start":{"line":191,"column":47},"end":{"line":191,"column":69}}],"line":191},"31":{"loc":{"start":{"line":196,"column":63},"end":{"line":196,"column":85}},"type":"binary-expr","locations":[{"start":{"line":196,"column":63},"end":{"line":196,"column":74}},{"start":{"line":196,"column":78},"end":{"line":196,"column":85}}],"line":196},"32":{"loc":{"start":{"line":200,"column":63},"end":{"line":200,"column":85}},"type":"binary-expr","locations":[{"start":{"line":200,"column":63},"end":{"line":200,"column":74}},{"start":{"line":200,"column":78},"end":{"line":200,"column":85}}],"line":200}},"s":{"0":0,"1":0,"2":0,"3":0,"4":0,"5":0,"6":0,"7":0,"8":0,"9":0,"10":0,"11":0,"12":0,"13":0,"14":0,"15":0,"16":0,"17":0,"18":0,"19":0,"20":0,"21":0,"22":0,"23":0,"24":0,"25":0,"26":0,"27":0,"28":0,"29":0,"30":0,"31":0,"32":0,"33":0},"f":{"0":0,"1":0,"2":0,"3":0},"b":{"0":[0,0],"1":[0,0,0,0],"2":[0,0],"3":[0,0],"4":[0,0],"5":[0,0],"6":[0,0],"7":[0,0],"8":[0,0],"9":[0,0],"10":[0,0],"11":[0,0],"12":[0,0],"13":[0,0],"14":[0,0],"15":[0,0],"16":[0,0],"17":[0,0],"18":[0,0],"19":[0,0],"20":[0,0],"21":[0,0],"22":[0,0],"23":[0,0],"24":[0,0],"25":[0,0],"26":[0,0],"27":[0,0],"28":[0,0],"29":[0,0],"30":[0,0],"31":[0,0],"32":[0,0]}}
,"/Users/faizanpersonal/Documents/perdiem/test-app/components/AuthWrapper.tsx": {"path":"/Users/faizanpersonal/Documents/perdiem/test-app/components/AuthWrapper.tsx","statementMap":{"0":{"start":{"line":13,"column":41},"end":{"line":13,"column":50}},"1":{"start":{"line":14,"column":22},"end":{"line":14,"column":38}},"2":{"start":{"line":16,"column":2},"end":{"line":21,"column":35}},"3":{"start":{"line":17,"column":4},"end":{"line":20,"column":5}},"4":{"start":{"line":19,"column":6},"end":{"line":19,"column":36}},"5":{"start":{"line":23,"column":2},"end":{"line":39,"column":3}},"6":{"start":{"line":24,"column":4},"end":{"line":38,"column":6}},"7":{"start":{"line":41,"column":2},"end":{"line":43,"column":3}},"8":{"start":{"line":42,"column":4},"end":{"line":42,"column":16}},"9":{"start":{"line":45,"column":2},"end":{"line":45,"column":25}}},"fnMap":{"0":{"name":"AuthWrapper","decl":{"start":{"line":12,"column":16},"end":{"line":12,"column":27}},"loc":{"start":{"line":12,"column":60},"end":{"line":46,"column":1}},"line":12},"1":{"name":"(anonymous_1)","decl":{"start":{"line":16,"column":12},"end":{"line":16,"column":13}},"loc":{"start":{"line":16,"column":18},"end":{"line":21,"column":3}},"line":16}},"branchMap":{"0":{"loc":{"start":{"line":17,"column":4},"end":{"line":20,"column":5}},"type":"if","locations":[{"start":{"line":17,"column":4},"end":{"line":20,"column":5}},{"start":{},"end":{}}],"line":17},"1":{"loc":{"start":{"line":17,"column":8},"end":{"line":17,"column":41}},"type":"binary-expr","locations":[{"start":{"line":17,"column":8},"end":{"line":17,"column":16}},{"start":{"line":17,"column":20},"end":{"line":17,"column":25}},{"start":{"line":17,"column":29},"end":{"line":17,"column":41}}],"line":17},"2":{"loc":{"start":{"line":23,"column":2},"end":{"line":39,"column":3}},"type":"if","locations":[{"start":{"line":23,"column":2},"end":{"line":39,"column":3}},{"start":{},"end":{}}],"line":23},"3":{"loc":{"start":{"line":30,"column":34},"end":{"line":30,"column":56}},"type":"binary-expr","locations":[{"start":{"line":30,"column":34},"end":{"line":30,"column":45}},{"start":{"line":30,"column":49},"end":{"line":30,"column":56}}],"line":30},"4":{"loc":{"start":{"line":35,"column":24},"end":{"line":35,"column":46}},"type":"binary-expr","locations":[{"start":{"line":35,"column":24},"end":{"line":35,"column":35}},{"start":{"line":35,"column":39},"end":{"line":35,"column":46}}],"line":35},"5":{"loc":{"start":{"line":41,"column":2},"end":{"line":43,"column":3}},"type":"if","locations":[{"start":{"line":41,"column":2},"end":{"line":43,"column":3}},{"start":{},"end":{}}],"line":41},"6":{"loc":{"start":{"line":41,"column":6},"end":{"line":41,"column":27}},"type":"binary-expr","locations":[{"start":{"line":41,"column":6},"end":{"line":41,"column":11}},{"start":{"line":41,"column":15},"end":{"line":41,"column":27}}],"line":41}},"s":{"0":0,"1":0,"2":0,"3":0,"4":0,"5":0,"6":0,"7":0,"8":0,"9":0},"f":{"0":0,"1":0},"b":{"0":[0,0],"1":[0,0,0],"2":[0,0],"3":[0,0],"4":[0,0],"5":[0,0],"6":[0,0]}}
,"/Users/faizanpersonal/Documents/perdiem/test-app/components/Collapsible.tsx": {"path":"/Users/faizanpersonal/Documents/perdiem/test-app/components/Collapsible.tsx","statementMap":{"0":{"start":{"line":11,"column":30},"end":{"line":11,"column":45}},"1":{"start":{"line":12,"column":16},"end":{"line":12,"column":43}},"2":{"start":{"line":14,"column":2},"end":{"line":32,"column":4}},"3":{"start":{"line":18,"column":23},"end":{"line":18,"column":51}},"4":{"start":{"line":18,"column":44},"end":{"line":18,"column":50}},"5":{"start":{"line":35,"column":15},"end":{"line":45,"column":2}}},"fnMap":{"0":{"name":"Collapsible","decl":{"start":{"line":10,"column":16},"end":{"line":10,"column":27}},"loc":{"start":{"line":10,"column":88},"end":{"line":33,"column":1}},"line":10},"1":{"name":"(anonymous_1)","decl":{"start":{"line":18,"column":17},"end":{"line":18,"column":18}},"loc":{"start":{"line":18,"column":23},"end":{"line":18,"column":51}},"line":18},"2":{"name":"(anonymous_2)","decl":{"start":{"line":18,"column":33},"end":{"line":18,"column":34}},"loc":{"start":{"line":18,"column":44},"end":{"line":18,"column":50}},"line":18}},"branchMap":{"0":{"loc":{"start":{"line":12,"column":16},"end":{"line":12,"column":43}},"type":"binary-expr","locations":[{"start":{"line":12,"column":16},"end":{"line":12,"column":32}},{"start":{"line":12,"column":36},"end":{"line":12,"column":43}}],"line":12},"1":{"loc":{"start":{"line":24,"column":17},"end":{"line":24,"column":73}},"type":"cond-expr","locations":[{"start":{"line":24,"column":37},"end":{"line":24,"column":54}},{"start":{"line":24,"column":57},"end":{"line":24,"column":73}}],"line":24},"2":{"loc":{"start":{"line":25,"column":41},"end":{"line":25,"column":66}},"type":"cond-expr","locations":[{"start":{"line":25,"column":50},"end":{"line":25,"column":57}},{"start":{"line":25,"column":60},"end":{"line":25,"column":66}}],"line":25},"3":{"loc":{"start":{"line":30,"column":7},"end":{"line":30,"column":75}},"type":"binary-expr","locations":[{"start":{"line":30,"column":7},"end":{"line":30,"column":13}},{"start":{"line":30,"column":17},"end":{"line":30,"column":75}}],"line":30}},"s":{"0":0,"1":0,"2":0,"3":0,"4":0,"5":0},"f":{"0":0,"1":0,"2":0},"b":{"0":[0,0],"1":[0,0],"2":[0,0],"3":[0,0]}}
,"/Users/faizanpersonal/Documents/perdiem/test-app/components/DatePicker.tsx": {"path":"/Users/faizanpersonal/Documents/perdiem/test-app/components/DatePicker.tsx","statementMap":{"0":{"start":{"line":23,"column":26},"end":{"line":23,"column":50}},"1":{"start":{"line":31,"column":28},"end":{"line":31,"column":48}},"2":{"start":{"line":32,"column":42},"end":{"line":32,"column":69}},"3":{"start":{"line":33,"column":36},"end":{"line":33,"column":60}},"4":{"start":{"line":34,"column":22},"end":{"line":34,"column":38}},"5":{"start":{"line":36,"column":2},"end":{"line":43,"column":18}},"6":{"start":{"line":37,"column":4},"end":{"line":42,"column":5}},"7":{"start":{"line":38,"column":25},"end":{"line":38,"column":61}},"8":{"start":{"line":39,"column":6},"end":{"line":39,"column":27}},"9":{"start":{"line":40,"column":6},"end":{"line":40,"column":28}},"10":{"start":{"line":41,"column":6},"end":{"line":41,"column":23}},"11":{"start":{"line":45,"column":27},"end":{"line":50,"column":3}},"12":{"start":{"line":46,"column":4},"end":{"line":46,"column":26}},"13":{"start":{"line":47,"column":27},"end":{"line":47,"column":62}},"14":{"start":{"line":48,"column":18},"end":{"line":48,"column":73}},"15":{"start":{"line":49,"column":4},"end":{"line":49,"column":24}},"16":{"start":{"line":52,"column":31},"end":{"line":58,"column":3}},"17":{"start":{"line":53,"column":25},"end":{"line":56,"column":7}},"18":{"start":{"line":53,"column":45},"end":{"line":56,"column":5}},"19":{"start":{"line":57,"column":4},"end":{"line":57,"column":31}},"20":{"start":{"line":60,"column":24},"end":{"line":70,"column":3}},"21":{"start":{"line":61,"column":4},"end":{"line":69,"column":5}},"22":{"start":{"line":61,"column":47},"end":{"line":61,"column":62}},"23":{"start":{"line":62,"column":27},"end":{"line":62,"column":66}},"24":{"start":{"line":62,"column":50},"end":{"line":62,"column":65}},"25":{"start":{"line":63,"column":6},"end":{"line":68,"column":7}},"26":{"start":{"line":64,"column":8},"end":{"line":64,"column":54}},"27":{"start":{"line":65,"column":8},"end":{"line":65,"column":58}},"28":{"start":{"line":66,"column":8},"end":{"line":66,"column":46}},"29":{"start":{"line":67,"column":8},"end":{"line":67,"column":18}},"30":{"start":{"line":72,"column":22},"end":{"line":75,"column":3}},"31":{"start":{"line":73,"column":18},"end":{"line":73,"column":28}},"32":{"start":{"line":74,"column":4},"end":{"line":74,"column":56}},"33":{"start":{"line":77,"column":25},"end":{"line":79,"column":3}},"34":{"start":{"line":78,"column":4},"end":{"line":78,"column":64}},"35":{"start":{"line":81,"column":25},"end":{"line":132,"column":3}},"36":{"start":{"line":82,"column":27},"end":{"line":82,"column":62}},"37":{"start":{"line":83,"column":26},"end":{"line":83,"column":74}},"38":{"start":{"line":84,"column":20},"end":{"line":84,"column":37}},"39":{"start":{"line":85,"column":23},"end":{"line":85,"column":43}},"40":{"start":{"line":86,"column":24},"end":{"line":86,"column":73}},"41":{"start":{"line":88,"column":4},"end":{"line":131,"column":6}},"42":{"start":{"line":102,"column":23},"end":{"line":102,"column":45}},"43":{"start":{"line":134,"column":25},"end":{"line":168,"column":3}},"44":{"start":{"line":135,"column":4},"end":{"line":167,"column":6}},"45":{"start":{"line":153,"column":23},"end":{"line":153,"column":69}},"46":{"start":{"line":171,"column":4},"end":{"line":238,"column":19}},"47":{"start":{"line":229,"column":62},"end":{"line":229,"column":77}},"48":{"start":{"line":233,"column":61},"end":{"line":233,"column":76}},"49":{"start":{"line":241,"column":2},"end":{"line":301,"column":3}},"50":{"start":{"line":242,"column":4},"end":{"line":300,"column":6}},"51":{"start":{"line":288,"column":68},"end":{"line":288,"column":83}},"52":{"start":{"line":292,"column":67},"end":{"line":292,"column":82}},"53":{"start":{"line":303,"column":2},"end":{"line":312,"column":4}},"54":{"start":{"line":315,"column":15},"end":{"line":477,"column":2}}},"fnMap":{"0":{"name":"DatePicker","decl":{"start":{"line":25,"column":24},"end":{"line":25,"column":34}},"loc":{"start":{"line":30,"column":20},"end":{"line":313,"column":1}},"line":30},"1":{"name":"(anonymous_1)","decl":{"start":{"line":36,"column":12},"end":{"line":36,"column":13}},"loc":{"start":{"line":36,"column":18},"end":{"line":43,"column":3}},"line":36},"2":{"name":"(anonymous_2)","decl":{"start":{"line":45,"column":27},"end":{"line":45,"column":28}},"loc":{"start":{"line":45,"column":43},"end":{"line":50,"column":3}},"line":45},"3":{"name":"(anonymous_3)","decl":{"start":{"line":52,"column":31},"end":{"line":52,"column":32}},"loc":{"start":{"line":52,"column":51},"end":{"line":58,"column":3}},"line":52},"4":{"name":"(anonymous_4)","decl":{"start":{"line":53,"column":39},"end":{"line":53,"column":40}},"loc":{"start":{"line":53,"column":45},"end":{"line":56,"column":5}},"line":53},"5":{"name":"(anonymous_5)","decl":{"start":{"line":60,"column":24},"end":{"line":60,"column":25}},"loc":{"start":{"line":60,"column":30},"end":{"line":70,"column":3}},"line":60},"6":{"name":"(anonymous_6)","decl":{"start":{"line":61,"column":39},"end":{"line":61,"column":40}},"loc":{"start":{"line":61,"column":47},"end":{"line":61,"column":62}},"line":61},"7":{"name":"(anonymous_7)","decl":{"start":{"line":62,"column":42},"end":{"line":62,"column":43}},"loc":{"start":{"line":62,"column":50},"end":{"line":62,"column":65}},"line":62},"8":{"name":"(anonymous_8)","decl":{"start":{"line":72,"column":22},"end":{"line":72,"column":23}},"loc":{"start":{"line":72,"column":38},"end":{"line":75,"column":3}},"line":72},"9":{"name":"(anonymous_9)","decl":{"start":{"line":77,"column":25},"end":{"line":77,"column":26}},"loc":{"start":{"line":77,"column":41},"end":{"line":79,"column":3}},"line":77},"10":{"name":"(anonymous_10)","decl":{"start":{"line":81,"column":25},"end":{"line":81,"column":26}},"loc":{"start":{"line":81,"column":41},"end":{"line":132,"column":3}},"line":81},"11":{"name":"(anonymous_11)","decl":{"start":{"line":102,"column":17},"end":{"line":102,"column":18}},"loc":{"start":{"line":102,"column":23},"end":{"line":102,"column":45}},"line":102},"12":{"name":"(anonymous_12)","decl":{"start":{"line":134,"column":25},"end":{"line":134,"column":26}},"loc":{"start":{"line":134,"column":45},"end":{"line":168,"column":3}},"line":134},"13":{"name":"(anonymous_13)","decl":{"start":{"line":153,"column":17},"end":{"line":153,"column":18}},"loc":{"start":{"line":153,"column":23},"end":{"line":153,"column":69}},"line":153},"14":{"name":"(anonymous_14)","decl":{"start":{"line":229,"column":54},"end":{"line":229,"column":55}},"loc":{"start":{"line":229,"column":62},"end":{"line":229,"column":77}},"line":229},"15":{"name":"(anonymous_15)","decl":{"start":{"line":233,"column":53},"end":{"line":233,"column":54}},"loc":{"start":{"line":233,"column":61},"end":{"line":233,"column":76}},"line":233},"16":{"name":"(anonymous_16)","decl":{"start":{"line":288,"column":60},"end":{"line":288,"column":61}},"loc":{"start":{"line":288,"column":68},"end":{"line":288,"column":83}},"line":288},"17":{"name":"(anonymous_17)","decl":{"start":{"line":292,"column":59},"end":{"line":292,"column":60}},"loc":{"start":{"line":292,"column":67},"end":{"line":292,"column":82}},"line":292}},"branchMap":{"0":{"loc":{"start":{"line":29,"column":2},"end":{"line":29,"column":23}},"type":"default-arg","locations":[{"start":{"line":29,"column":18},"end":{"line":29,"column":23}}],"line":29},"1":{"loc":{"start":{"line":37,"column":4},"end":{"line":42,"column":5}},"type":"if","locations":[{"start":{"line":37,"column":4},"end":{"line":42,"column":5}},{"start":{},"end":{}}],"line":37},"2":{"loc":{"start":{"line":61,"column":4},"end":{"line":69,"column":5}},"type":"if","locations":[{"start":{"line":61,"column":4},"end":{"line":69,"column":5}},{"start":{},"end":{}}],"line":61},"3":{"loc":{"start":{"line":61,"column":8},"end":{"line":61,"column":63}},"type":"binary-expr","locations":[{"start":{"line":61,"column":8},"end":{"line":61,"column":20}},{"start":{"line":61,"column":24},"end":{"line":61,"column":63}}],"line":61},"4":{"loc":{"start":{"line":63,"column":6},"end":{"line":68,"column":7}},"type":"if","locations":[{"start":{"line":63,"column":6},"end":{"line":68,"column":7}},{"start":{},"end":{}}],"line":63},"5":{"loc":{"start":{"line":94,"column":36},"end":{"line":94,"column":58}},"type":"binary-expr","locations":[{"start":{"line":94,"column":36},"end":{"line":94,"column":47}},{"start":{"line":94,"column":51},"end":{"line":94,"column":58}}],"line":94},"6":{"loc":{"start":{"line":95,"column":32},"end":{"line":95,"column":54}},"type":"binary-expr","locations":[{"start":{"line":95,"column":32},"end":{"line":95,"column":43}},{"start":{"line":95,"column":47},"end":{"line":95,"column":54}}],"line":95},"7":{"loc":{"start":{"line":97,"column":10},"end":{"line":100,"column":11}},"type":"binary-expr","locations":[{"start":{"line":97,"column":10},"end":{"line":97,"column":20}},{"start":{"line":97,"column":24},"end":{"line":100,"column":11}}],"line":97},"8":{"loc":{"start":{"line":98,"column":36},"end":{"line":98,"column":58}},"type":"binary-expr","locations":[{"start":{"line":98,"column":36},"end":{"line":98,"column":47}},{"start":{"line":98,"column":51},"end":{"line":98,"column":58}}],"line":98},"9":{"loc":{"start":{"line":99,"column":32},"end":{"line":99,"column":54}},"type":"binary-expr","locations":[{"start":{"line":99,"column":32},"end":{"line":99,"column":43}},{"start":{"line":99,"column":47},"end":{"line":99,"column":54}}],"line":99},"10":{"loc":{"start":{"line":107,"column":28},"end":{"line":107,"column":50}},"type":"binary-expr","locations":[{"start":{"line":107,"column":28},"end":{"line":107,"column":39}},{"start":{"line":107,"column":43},"end":{"line":107,"column":50}}],"line":107},"11":{"loc":{"start":{"line":108,"column":12},"end":{"line":108,"column":46}},"type":"binary-expr","locations":[{"start":{"line":108,"column":12},"end":{"line":108,"column":22}},{"start":{"line":108,"column":26},"end":{"line":108,"column":46}}],"line":108},"12":{"loc":{"start":{"line":113,"column":9},"end":{"line":123,"column":9}},"type":"binary-expr","locations":[{"start":{"line":113,"column":9},"end":{"line":113,"column":16}},{"start":{"line":114,"column":10},"end":{"line":122,"column":17}}],"line":113},"13":{"loc":{"start":{"line":117,"column":30},"end":{"line":117,"column":52}},"type":"binary-expr","locations":[{"start":{"line":117,"column":30},"end":{"line":117,"column":41}},{"start":{"line":117,"column":45},"end":{"line":117,"column":52}}],"line":117},"14":{"loc":{"start":{"line":118,"column":14},"end":{"line":118,"column":48}},"type":"binary-expr","locations":[{"start":{"line":118,"column":14},"end":{"line":118,"column":24}},{"start":{"line":118,"column":28},"end":{"line":118,"column":48}}],"line":118},"15":{"loc":{"start":{"line":127,"column":31},"end":{"line":127,"column":66}},"type":"cond-expr","locations":[{"start":{"line":127,"column":45},"end":{"line":127,"column":54}},{"start":{"line":127,"column":57},"end":{"line":127,"column":66}}],"line":127},"16":{"loc":{"start":{"line":141,"column":36},"end":{"line":141,"column":58}},"type":"binary-expr","locations":[{"start":{"line":141,"column":36},"end":{"line":141,"column":47}},{"start":{"line":141,"column":51},"end":{"line":141,"column":58}}],"line":141},"17":{"loc":{"start":{"line":142,"column":32},"end":{"line":142,"column":54}},"type":"binary-expr","locations":[{"start":{"line":142,"column":32},"end":{"line":142,"column":43}},{"start":{"line":142,"column":47},"end":{"line":142,"column":54}}],"line":142},"18":{"loc":{"start":{"line":144,"column":10},"end":{"line":147,"column":11}},"type":"binary-expr","locations":[{"start":{"line":144,"column":10},"end":{"line":144,"column":25}},{"start":{"line":144,"column":29},"end":{"line":147,"column":11}}],"line":144},"19":{"loc":{"start":{"line":145,"column":36},"end":{"line":145,"column":58}},"type":"binary-expr","locations":[{"start":{"line":145,"column":36},"end":{"line":145,"column":47}},{"start":{"line":145,"column":51},"end":{"line":145,"column":58}}],"line":145},"20":{"loc":{"start":{"line":146,"column":32},"end":{"line":146,"column":54}},"type":"binary-expr","locations":[{"start":{"line":146,"column":32},"end":{"line":146,"column":43}},{"start":{"line":146,"column":47},"end":{"line":146,"column":54}}],"line":146},"21":{"loc":{"start":{"line":148,"column":10},"end":{"line":151,"column":11}},"type":"binary-expr","locations":[{"start":{"line":148,"column":10},"end":{"line":148,"column":27}},{"start":{"line":148,"column":31},"end":{"line":151,"column":11}}],"line":148},"22":{"loc":{"start":{"line":153,"column":23},"end":{"line":153,"column":69}},"type":"binary-expr","locations":[{"start":{"line":153,"column":23},"end":{"line":153,"column":39}},{"start":{"line":153,"column":43},"end":{"line":153,"column":69}}],"line":153},"23":{"loc":{"start":{"line":159,"column":28},"end":{"line":159,"column":50}},"type":"binary-expr","locations":[{"start":{"line":159,"column":28},"end":{"line":159,"column":39}},{"start":{"line":159,"column":43},"end":{"line":159,"column":50}}],"line":159},"24":{"loc":{"start":{"line":160,"column":12},"end":{"line":160,"column":51}},"type":"binary-expr","locations":[{"start":{"line":160,"column":12},"end":{"line":160,"column":27}},{"start":{"line":160,"column":31},"end":{"line":160,"column":51}}],"line":160},"25":{"loc":{"start":{"line":161,"column":12},"end":{"line":161,"column":53}},"type":"binary-expr","locations":[{"start":{"line":161,"column":12},"end":{"line":161,"column":29}},{"start":{"line":161,"column":33},"end":{"line":161,"column":53}}],"line":161},"26":{"loc":{"start":{"line":175,"column":34},"end":{"line":175,"column":56}},"type":"binary-expr","locations":[{"start":{"line":175,"column":34},"end":{"line":175,"column":45}},{"start":{"line":175,"column":49},"end":{"line":175,"column":56}}],"line":175},"27":{"loc":{"start":{"line":177,"column":8},"end":{"line":177,"column":52}},"type":"binary-expr","locations":[{"start":{"line":177,"column":8},"end":{"line":177,"column":21}},{"start":{"line":177,"column":25},"end":{"line":177,"column":52}}],"line":177},"28":{"loc":{"start":{"line":184,"column":28},"end":{"line":184,"column":50}},"type":"binary-expr","locations":[{"start":{"line":184,"column":28},"end":{"line":184,"column":39}},{"start":{"line":184,"column":43},"end":{"line":184,"column":50}}],"line":184},"29":{"loc":{"start":{"line":193,"column":30},"end":{"line":193,"column":52}},"type":"binary-expr","locations":[{"start":{"line":193,"column":30},"end":{"line":193,"column":41}},{"start":{"line":193,"column":45},"end":{"line":193,"column":52}}],"line":193},"30":{"loc":{"start":{"line":205,"column":7},"end":{"line":221,"column":7}},"type":"binary-expr","locations":[{"start":{"line":205,"column":7},"end":{"line":205,"column":19}},{"start":{"line":206,"column":8},"end":{"line":220,"column":15}}],"line":205},"31":{"loc":{"start":{"line":210,"column":30},"end":{"line":210,"column":52}},"type":"binary-expr","locations":[{"start":{"line":210,"column":30},"end":{"line":210,"column":41}},{"start":{"line":210,"column":45},"end":{"line":210,"column":52}}],"line":210},"32":{"loc":{"start":{"line":228,"column":38},"end":{"line":228,"column":60}},"type":"binary-expr","locations":[{"start":{"line":228,"column":38},"end":{"line":228,"column":49}},{"start":{"line":228,"column":53},"end":{"line":228,"column":60}}],"line":228},"33":{"loc":{"start":{"line":229,"column":23},"end":{"line":229,"column":88}},"type":"cond-expr","locations":[{"start":{"line":229,"column":81},"end":{"line":229,"column":82}},{"start":{"line":229,"column":85},"end":{"line":229,"column":88}}],"line":229},"34":{"loc":{"start":{"line":229,"column":23},"end":{"line":229,"column":78}},"type":"binary-expr","locations":[{"start":{"line":229,"column":23},"end":{"line":229,"column":35}},{"start":{"line":229,"column":39},"end":{"line":229,"column":78}}],"line":229},"35":{"loc":{"start":{"line":233,"column":20},"end":{"line":233,"column":77}},"type":"binary-expr","locations":[{"start":{"line":233,"column":20},"end":{"line":233,"column":33}},{"start":{"line":233,"column":37},"end":{"line":233,"column":77}}],"line":233},"36":{"loc":{"start":{"line":241,"column":2},"end":{"line":301,"column":3}},"type":"if","locations":[{"start":{"line":241,"column":2},"end":{"line":301,"column":3}},{"start":{},"end":{}}],"line":241},"37":{"loc":{"start":{"line":252,"column":70},"end":{"line":252,"column":92}},"type":"binary-expr","locations":[{"start":{"line":252,"column":70},"end":{"line":252,"column":81}},{"start":{"line":252,"column":85},"end":{"line":252,"column":92}}],"line":252},"38":{"loc":{"start":{"line":255,"column":58},"end":{"line":255,"column":80}},"type":"binary-expr","locations":[{"start":{"line":255,"column":58},"end":{"line":255,"column":69}},{"start":{"line":255,"column":73},"end":{"line":255,"column":80}}],"line":255},"39":{"loc":{"start":{"line":259,"column":70},"end":{"line":259,"column":92}},"type":"binary-expr","locations":[{"start":{"line":259,"column":70},"end":{"line":259,"column":81}},{"start":{"line":259,"column":85},"end":{"line":259,"column":92}}],"line":259},"40":{"loc":{"start":{"line":269,"column":13},"end":{"line":280,"column":13}},"type":"binary-expr","locations":[{"start":{"line":269,"column":13},"end":{"line":269,"column":25}},{"start":{"line":270,"column":14},"end":{"line":279,"column":21}}],"line":269},"41":{"loc":{"start":{"line":271,"column":69},"end":{"line":271,"column":91}},"type":"binary-expr","locations":[{"start":{"line":271,"column":69},"end":{"line":271,"column":80}},{"start":{"line":271,"column":84},"end":{"line":271,"column":91}}],"line":271},"42":{"loc":{"start":{"line":287,"column":44},"end":{"line":287,"column":66}},"type":"binary-expr","locations":[{"start":{"line":287,"column":44},"end":{"line":287,"column":55}},{"start":{"line":287,"column":59},"end":{"line":287,"column":66}}],"line":287},"43":{"loc":{"start":{"line":288,"column":29},"end":{"line":288,"column":94}},
[...]
ne":107,"column":18},"end":{"line":107,"column":26}},{"start":{"line":107,"column":30},"end":{"line":107,"column":78}}],"line":107},"8":{"loc":{"start":{"line":146,"column":6},"end":{"line":148,"column":7}},"type":"if","locations":[{"start":{"line":146,"column":6},"end":{"line":148,"column":7}},{"start":{},"end":{}}],"line":146},"9":{"loc":{"start":{"line":177,"column":6},"end":{"line":184,"column":7}},"type":"if","locations":[{"start":{"line":177,"column":6},"end":{"line":184,"column":7}},{"start":{},"end":{}}],"line":177},"10":{"loc":{"start":{"line":180,"column":8},"end":{"line":183,"column":9}},"type":"if","locations":[{"start":{"line":180,"column":8},"end":{"line":183,"column":9}},{"start":{},"end":{}}],"line":180},"11":{"loc":{"start":{"line":210,"column":4},"end":{"line":218,"column":5}},"type":"if","locations":[{"start":{"line":210,"column":4},"end":{"line":218,"column":5}},{"start":{"line":212,"column":11},"end":{"line":218,"column":5}}],"line":210},"12":{"loc":{"start":{"line":210,"column":8},"end":{"line":210,"column":40}},"type":"binary-expr","locations":[{"start":{"line":210,"column":8},"end":{"line":210,"column":21}},{"start":{"line":210,"column":25},"end":{"line":210,"column":40}}],"line":210},"13":{"loc":{"start":{"line":212,"column":11},"end":{"line":218,"column":5}},"type":"if","locations":[{"start":{"line":212,"column":11},"end":{"line":218,"column":5}},{"start":{"line":214,"column":11},"end":{"line":218,"column":5}}],"line":212},"14":{"loc":{"start":{"line":214,"column":11},"end":{"line":218,"column":5}},"type":"if","locations":[{"start":{"line":214,"column":11},"end":{"line":218,"column":5}},{"start":{"line":216,"column":11},"end":{"line":218,"column":5}}],"line":214},"15":{"loc":{"start":{"line":236,"column":6},"end":{"line":239,"column":34}},"type":"binary-expr","locations":[{"start":{"line":236,"column":6},"end":{"line":236,"column":34}},{"start":{"line":237,"column":6},"end":{"line":237,"column":34}},{"start":{"line":238,"column":6},"end":{"line":238,"column":34}},{"start":{"line":239,"column":6},"end":{"line":239,"column":34}}],"line":236},"16":{"loc":{"start":{"line":247,"column":4},"end":{"line":249,"column":5}},"type":"if","locations":[{"start":{"line":247,"column":4},"end":{"line":249,"column":5}},{"start":{},"end":{}}],"line":247},"17":{"loc":{"start":{"line":252,"column":11},"end":{"line":252,"column":63}},"type":"cond-expr","locations":[{"start":{"line":252,"column":21},"end":{"line":252,"column":42}},{"start":{"line":252,"column":45},"end":{"line":252,"column":63}}],"line":252},"18":{"loc":{"start":{"line":259,"column":4},"end":{"line":261,"column":5}},"type":"if","locations":[{"start":{"line":259,"column":4},"end":{"line":261,"column":5}},{"start":{},"end":{}}],"line":259},"19":{"loc":{"start":{"line":264,"column":11},"end":{"line":264,"column":33}},"type":"cond-expr","locations":[{"start":{"line":264,"column":21},"end":{"line":264,"column":25}},{"start":{"line":264,"column":28},"end":{"line":264,"column":33}}],"line":264}},"s":{"0":0,"1":0,"2":0,"3":0,"4":0,"5":0,"6":0,"7":0,"8":0,"9":0,"10":0,"11":0,"12":0,"13":0,"14":0,"15":0,"16":0,"17":0,"18":0,"19":0,"20":0,"21":0,"22":0,"23":0,"24":0,"25":0,"26":0,"27":0,"28":0,"29":0,"30":0,"31":0,"32":0,"33":0,"34":0,"35":0,"36":0,"37":0,"38":0,"39":0,"40":0,"41":0,"42":0,"43":0,"44":0,"45":0,"46":0,"47":0,"48":0,"49":0,"50":0,"51":0,"52":0,"53":0,"54":0,"55":0,"56":0,"57":0,"58":0,"59":0,"60":0,"61":0,"62":0,"63":0,"64":0,"65":0,"66":0,"67":0,"68":0,"69":0,"70":0,"71":0,"72":0,"73":0,"74":0,"75":0,"76":0,"77":0,"78":0,"79":0,"80":0,"81":0,"82":0,"83":0,"84":0},"f":{"0":0,"1":0,"2":0,"3":0,"4":0,"5":0,"6":0,"7":0,"8":0,"9":0,"10":0},"b":{"0":[0,0],"1":[0,0],"2":[0,0],"3":[0,0],"4":[0,0,0],"5":[0,0,0],"6":[0,0],"7":[0,0],"8":[0,0],"9":[0,0],"10":[0,0],"11":[0,0],"12":[0,0],"13":[0,0],"14":[0,0],"15":[0,0,0,0],"16":[0,0],"17":[0,0],"18":[0,0],"19":[0,0]}}
,"/Users/faizanpersonal/Documents/perdiem/test-app/services/NotificationService.ts": {"path":"/Users/faizanpersonal/Documents/perdiem/test-app/services/NotificationService.ts","statementMap":{"0":{"start":{"line":11,"column":44},"end":{"line":11,"column":68}},"1":{"start":{"line":12,"column":47},"end":{"line":12,"column":68}},"2":{"start":{"line":13,"column":46},"end":{"line":13,"column":97}},"3":{"start":{"line":14,"column":40},"end":{"line":14,"column":67}},"4":{"start":{"line":20,"column":4},"end":{"line":69,"column":5}},"5":{"start":{"line":21,"column":6},"end":{"line":21,"column":58}},"6":{"start":{"line":24,"column":41},"end":{"line":24,"column":82}},"7":{"start":{"line":25,"column":24},"end":{"line":25,"column":38}},"8":{"start":{"line":27,"column":6},"end":{"line":30,"column":7}},"9":{"start":{"line":28,"column":27},"end":{"line":28,"column":72}},"10":{"start":{"line":29,"column":8},"end":{"line":29,"column":29}},"11":{"start":{"line":32,"column":6},"end":{"line":35,"column":7}},"12":{"start":{"line":33,"column":8},"end":{"line":33,"column":60}},"13":{"start":{"line":34,"column":8},"end":{"line":34,"column":15}},"14":{"start":{"line":38,"column":6},"end":{"line":64,"column":9}},"15":{"start":{"line":40,"column":10},"end":{"line":40,"column":81}},"16":{"start":{"line":44,"column":22},"end":{"line":44,"column":32}},"17":{"start":{"line":45,"column":32},"end":{"line":45,"column":66}},"18":{"start":{"line":47,"column":10},"end":{"line":62,"column":11}},"19":{"start":{"line":48,"column":12},"end":{"line":53,"column":14}},"20":{"start":{"line":55,"column":12},"end":{"line":55,"column":67}},"21":{"start":{"line":56,"column":12},"end":{"line":61,"column":14}},"22":{"start":{"line":66,"column":6},"end":{"line":66,"column":67}},"23":{"start":{"line":68,"column":6},"end":{"line":68,"column":71}},"24":{"start":{"line":76,"column":4},"end":{"line":145,"column":5}},"25":{"start":{"line":77,"column":6},"end":{"line":77,"column":58}},"26":{"start":{"line":80,"column":26},"end":{"line":80,"column":70}},"27":{"start":{"line":81,"column":6},"end":{"line":84,"column":7}},"28":{"start":{"line":82,"column":8},"end":{"line":82,"column":74}},"29":{"start":{"line":83,"column":8},"end":{"line":83,"column":15}},"30":{"start":{"line":87,"column":6},"end":{"line":87,"column":46}},"31":{"start":{"line":90,"column":30},"end":{"line":90,"column":60}},"32":{"start":{"line":92,"column":6},"end":{"line":95,"column":7}},"33":{"start":{"line":93,"column":8},"end":{"line":93,"column":51}},"34":{"start":{"line":94,"column":8},"end":{"line":94,"column":21}},"35":{"start":{"line":98,"column":31},"end":{"line":98,"column":78}},"36":{"start":{"line":100,"column":6},"end":{"line":103,"column":7}},"37":{"start":{"line":101,"column":8},"end":{"line":101,"column":61}},"38":{"start":{"line":102,"column":8},"end":{"line":102,"column":21}},"39":{"start":{"line":106,"column":18},"end":{"line":106,"column":28}},"40":{"start":{"line":107,"column":29},"end":{"line":107,"column":71}},"41":{"start":{"line":108,"column":30},"end":{"line":108,"column":63}},"42":{"start":{"line":110,"column":6},"end":{"line":110,"column":77}},"43":{"start":{"line":111,"column":6},"end":{"line":111,"column":59}},"44":{"start":{"line":112,"column":6},"end":{"line":112,"column":74}},"45":{"start":{"line":114,"column":6},"end":{"line":117,"column":7}},"46":{"start":{"line":115,"column":8},"end":{"line":115,"column":66}},"47":{"start":{"line":116,"column":8},"end":{"line":116,"column":21}},"48":{"start":{"line":120,"column":22},"end":{"line":120,"column":53}},"49":{"start":{"line":121,"column":6},"end":{"line":124,"column":7}},"50":{"start":{"line":122,"column":8},"end":{"line":122,"column":80}},"51":{"start":{"line":123,"column":8},"end":{"line":123,"column":21}},"52":{"start":{"line":127,"column":6},"end":{"line":138,"column":9}},"53":{"start":{"line":140,"column":6},"end":{"line":140,"column":96}},"54":{"start":{"line":141,"column":6},"end":{"line":141,"column":18}},"55":{"start":{"line":143,"column":6},"end":{"line":143,"column":71}},"56":{"start":{"line":144,"column":6},"end":{"line":144,"column":19}},"57":{"start":{"line":152,"column":4},"end":{"line":157,"column":5}},"58":{"start":{"line":153,"column":6},"end":{"line":153,"column":81}},"59":{"start":{"line":154,"column":6},"end":{"line":154,"column":63}},"60":{"start":{"line":156,"column":6},"end":{"line":156,"column":71}},"61":{"start":{"line":165,"column":32},"end":{"line":165,"column":60}},"62":{"start":{"line":166,"column":24},"end":{"line":166,"column":56}},"63":{"start":{"line":167,"column":16},"end":{"line":167,"column":26}},"64":{"start":{"line":168,"column":29},"end":{"line":168,"column":41}},"65":{"start":{"line":169,"column":24},"end":{"line":169,"column":54}},"66":{"start":{"line":172,"column":25},"end":{"line":172,"column":70}},"67":{"start":{"line":175,"column":23},"end":{"line":175,"column":80}},"68":{"start":{"line":175,"column":51},"end":{"line":175,"column":79}},"69":{"start":{"line":176,"column":4},"end":{"line":182,"column":5}},"70":{"start":{"line":177,"column":6},"end":{"line":181,"column":8}},"71":{"start":{"line":185,"column":4},"end":{"line":199,"column":5}},"72":{"start":{"line":185,"column":17},"end":{"line":185,"column":18}},"73":{"start":{"line":186,"column":25},"end":{"line":186,"column":38}},"74":{"start":{"line":187,"column":6},"end":{"line":187,"column":44}},"75":{"start":{"line":188,"column":30},"end":{"line":188,"column":49}},"76":{"start":{"line":189,"column":33},"end":{"line":189,"column":76}},"77":{"start":{"line":191,"column":26},"end":{"line":191,"column":89}},"78":{"start":{"line":191,"column":54},"end":{"line":191,"column":88}},"79":{"start":{"line":192,"column":6},"end":{"line":198,"column":7}},"80":{"start":{"line":193,"column":8},"end":{"line":197,"column":10}},"81":{"start":{"line":201,"column":4},"end":{"line":201,"column":16}},"82":{"start":{"line":208,"column":4},"end":{"line":234,"column":5}},"83":{"start":{"line":209,"column":18},"end":{"line":209,"column":28}},"84":{"start":{"line":210,"column":37},"end":{"line":210,"column":80}},"85":{"start":{"line":213,"column":29},"end":{"line":213,"column":42}},"86":{"start":{"line":216,"column":6},"end":{"line":216,"column":64}},"87":{"start":{"line":219,"column":6},"end":{"line":228,"column":7}},"88":{"start":{"line":221,"column":30},"end":{"line":221,"column":76}},"89":{"start":{"line":222,"column":8},"end":{"line":227,"column":9}},"90":{"start":{"line":224,"column":10},"end":{"line":224,"column":54}},"91":{"start":{"line":226,"column":10},"end":{"line":226,"column":66}},"92":{"start":{"line":230,"column":6},"end":{"line":230,"column":30}},"93":{"start":{"line":232,"column":6},"end":{"line":232,"column":67}},"94":{"start":{"line":233,"column":6},"end":{"line":233,"column":18}},"95":{"start":{"line":241,"column":4},"end":{"line":246,"column":5}},"96":{"start":{"line":242,"column":6},"end":{"line":242,"column":69}},"97":{"start":{"line":244,"column":6},"end":{"line":244,"column":69}},"98":{"start":{"line":245,"column":6},"end":{"line":245,"column":16}},"99":{"start":{"line":253,"column":4},"end":{"line":261,"column":5}},"100":{"start":{"line":254,"column":37},"end":{"line":254,"column":75}},"101":{"start":{"line":255,"column":6},"end":{"line":257,"column":8}},"102":{"start":{"line":256,"column":8},"end":{"line":256,"column":56}},"103":{"start":{"line":259,"column":6},"end":{"line":259,"column":70}},"104":{"start":{"line":260,"column":6},"end":{"line":260,"column":19}},"105":{"start":{"line":268,"column":4},"end":{"line":273,"column":5}},"106":{"start":{"line":269,"column":6},"end":{"line":269,"column":58}},"107":{"start":{"line":270,"column":6},"end":{"line":270,"column":48}},"108":{"start":{"line":272,"column":6},"end":{"line":272,"column":71}},"109":{"start":{"line":284,"column":4},"end":{"line":304,"column":5}},"110":{"start":{"line":285,"column":25},"end":{"line":285,"column":66}},"111":{"start":{"line":286,"column":33},"end":{"line":286,"column":53}},"112":{"start":{"line":288,"column":37},"end":{"line":288,"column":75}},"113":{"start":{"line":289,"column":28},"end":{"line":291,"column":7}},"114":{"start":{"line":290,"column":24},"end":{"line":290,"column":72}},"115":{"start":{"line":293,"column":6},"end":{"line":297,"column":8}},"116":{"start":{"line":299,"column":6},"end":{"line":299,"column":65}},"117":{"start":{"line":300,"column":6},"end":{"line":303,"column":8}}},"fnMap":{"0":{"name":"(anonymous_0)","decl":{"start":{"line":19,"column":2},"end":{"line":19,"column":3}},"loc":{"start":{"line":19,"column":43},"end":{"line":70,"column":3}},"line":19},"1":{"name":"(anonymous_1)","decl":{"start":{"line":39,"column":28},"end":{"line":39,"column":29}},"loc":{"start":{"line":39,"column":52},"end":{"line":63,"column":9}},"line":39},"2":{"name":"(anonymous_2)","decl":{"start":{"line":75,"column":2},"end":{"line":75,"column":3}},"loc":{"start":{"line":75,"column":64},"end":{"line":146,"column":3}},"line":75},"3":{"name":"(anonymous_3)","decl":{"start":{"line":151,"column":2},"end":{"line":151,"column":3}},"loc":{"start":{"line":151,"column":59},"end":{"line":158,"column":3}},"line":151},"4":{"name":"(anonymous_4)","decl":{"start":{"line":163,"column":2},"end":{"line":163,"column":3}},"loc":{"start":{"line":163,"column":60},"end":{"line":202,"column":3}},"line":163},"5":{"name":"(anonymous_5)","decl":{"start":{"line":175,"column":46},"end":{"line":175,"column":47}},"loc":{"start":{"line":175,"column":51},"end":{"line":175,"column":79}},"line":175},"6":{"name":"(anonymous_6)","decl":{"start":{"line":191,"column":49},"end":{"line":191,"column":50}},"loc":{"start":{"line":191,"column":54},"end":{"line":191,"column":88}},"line":191},"7":{"name":"(anonymous_7)","decl":{"start":{"line":207,"column":2},"end":{"line":207,"column":3}},"loc":{"start":{"line":207,"column":79},"end":{"line":235,"column":3}},"line":207},"8":{"name":"(anonymous_8)","decl":{"start":{"line":240,"column":2},"end":{"line":240,"column":3}},"loc":{"start":{"line":240,"column":89},"end":{"line":247,"column":3}},"line":240},"9":{"name":"(anonymous_9)","decl":{"start":{"line":252,"column":2},"end":{"line":252,"column":3}},"loc":{"start":{"line":252,"column":67},"end":{"line":262,"column":3}},"line":252},"10":{"name":"(anonymous_10)","decl":{"start":{"line":255,"column":41},"end":{"line":255,"column":42}},"loc":{"start":{"line":256,"column":8},"end":{"line":256,"column":56}},"line":256},"11":{"name":"(anonymous_11)","decl":{"start":{"line":267,"column":2},"end":{"line":267,"column":3}},"loc":{"start":{"line":267,"column":60},"end":{"line":274,"column":3}},"line":267},"12":{"name":"(anonymous_12)","decl":{"start":{"line":279,"column":2},"end":{"line":279,"column":3}},"loc":{"start":{"line":283,"column":5},"end":{"line":305,"column":3}},"line":283},"13":{"name":"(anonymous_13)","decl":{"start":{"line":290,"column":8},"end":{"line":290,"column":9}},"loc":{"start":{"line":290,"column":24},"end":{"line":290,"column":72}},"line":290}},"branchMap":{"0":{"loc":{"start":{"line":27,"column":6},"end":{"line":30,"column":7}},"type":"if","locations":[{"start":{"line":27,"column":6},"end":{"line":30,"column":7}},{"start":{},"end":{}}],"line":27},"1":{"loc":{"start":{"line":32,"column":6},"end":{"line":35,"column":7}},"type":"if","locations":[{"start":{"line":32,"column":6},"end":{"line":35,"column":7}},{"start":{},"end":{}}],"line":32},"2":{"loc":{"start":{"line":47,"column":10},"end":{"line":62,"column":11}},"type":"if","locations":[{"start":{"line":47,"column":10},"end":{"line":62,"column":11}},{"start":{"line":54,"column":17},"end":{"line":62,"column":11}}],"line":47},"3":{"loc":{"start":{"line":47,"column":14},"end":{"line":47,"column":60}},"type":"binary-expr","locations":[{"start":{"line":47,"column":14},"end":{"line":47,"column":27}},{"start":{"line":47,"column":31},"end":{"line":47,"column":60}}],"line":47},"4":{"loc":{"start":{"line":81,"column":6},"end":{"line":84,"column":7}},"type":"if","locations":[{"start":{"line":81,"column":6},"end":{"line":84,"column":7}},{"start":{},"end":{}}],"line":81},"5":{"loc":{"start":{"line":92,"column":6},"end":{"line":95,"column":7}},"type":"if","locations":[{"start":{"line":92,"column":6},"end":{"line":95,"column":7}},{"start":{},"end":{}}],"line":92},"6":{"loc":{"start":{"line":100,"column":6},"end":{"line":103,"column":7}},"type":"if","locations":[{"start":{"line":100,"column":6},"end":{"line":103,"column":7}},{"start":{},"end":{}}],"line":100},"7":{"loc":{"start":{"line":114,"column":6},"end":{"line":117,"column":7}},"type":"if","locations":[{"start":{"line":114,"column":6},"end":{"line":117,"column":7}},{"start":{},"end":{}}],"line":114},"8":{"loc":{"start":{"line":121,"column":6},"end":{"line":124,"column":7}},"type":"if","locations":[{"start":{"line":121,"column":6},"end":{"line":124,"column":7}},{"start":{},"end":{}}],"line":121},"9":{"loc":{"start":{"line":132,"column":17},"end":{"line":132,"column":57}},"type":"cond-expr","locations":[{"start":{"line":132,"column":41},"end":{"line":132,"column":50}},{"start":{"line":132,"column":53},"end":{"line":132,"column":57}}],"line":132},"10":{"loc":{"start":{"line":172,"column":25},"end":{"line":172,"column":70}},"type":"cond-expr","locations":[{"start":{"line":172,"column":50},"end":{"line":172,"column":51}},{"start":{"line":172,"column":54},"end":{"line":172,"column":70}}],"line":172},"11":{"loc":{"start":{"line":176,"column":4},"end":{"line":182,"column":5}},"type":"if","locations":[{"start":{"line":176,"column":4},"end":{"line":182,"column":5}},{"start":{},"end":{}}],"line":176},"12":{"loc":{"start":{"line":176,"column":8},"end":{"line":176,"column":55}},"type":"binary-expr","locations":[{"start":{"line":176,"column":8},"end":{"line":176,"column":18}},{"start":{"line":176,"column":22},"end":{"line":176,"column":55}}],"line":176},"13":{"loc":{"start":{"line":189,"column":33},"end":{"line":189,"column":76}},"type":"cond-expr","locations":[{"start":{"line":189,"column":57},"end":{"line":189,"column":58}},{"start":{"line":189,"column":61},"end":{"line":189,"column":76}}],"line":189},"14":{"loc":{"start":{"line":192,"column":6},"end":{"line":198,"column":7}},"type":"if","locations":[{"start":{"line":192,"column":6},"end":{"line":198,"column":7}},{"start":{},"end":{}}],"line":192},"15":{"loc":{"start":{"line":219,"column":6},"end":{"line":228,"column":7}},"type":"if","locations":[{"start":{"line":219,"column":6},"end":{"line":228,"column":7}},{"start":{},"end":{}}],"line":219},"16":{"loc":{"start":{"line":222,"column":8},"end":{"line":227,"column":9}},"type":"if","locations":[{"start":{"line":222,"column":8},"end":{"line":227,"column":9}},{"start":{"line":225,"column":15},"end":{"line":227,"column":9}}],"line":222},"17":{"loc":{"start":{"line":296,"column":30},"end":{"line":296,"column":108}},"type":"cond-expr","locations":[{"start":{"line":296,"column":60},"end":{"line":296,"column":96}},{"start":{"line":296,"column":99},"end":{"line":296,"column":108}}],"line":296}},"s":{"0":0,"1":0,"2":0,"3":0,"4":0,"5":0,"6":0,"7":0,"8":0,"9":0,"10":0,"11":0,"12":0,"13":0,"14":0,"15":0,"16":0,"17":0,"18":0,"19":0,"20":0,"21":0,"22":0,"23":0,"24":0,"25":0,"26":0,"27":0,"28":0,"29":0,"30":0,"31":0,"32":0,"33":0,"34":0,"35":0,"36":0,"37":0,"38":0,"39":0,"40":0,"41":0,"42":0,"43":0,"44":0,"45":0,"46":0,"47":0,"48":0,"49":0,"50":0,"51":0,"52":0,"53":0,"54":0,"55":0,"56":0,"57":0,"58":0,"59":0,"60":0,"61":0,"62":0,"63":0,"64":0,"65":0,"66":0,"67":0,"68":0,"69":0,"70":0,"71":0,"72":0,"73":0,"74":0,"75":0,"76":0,"77":0,"78":0,"79":0,"80":0,"81":0,"82":0,"83":0,"84":0,"85":0,"86":0,"87":0,"88":0,"89":0,"90":0,"91":0,"92":0,"93":0,"94":0,"95":0,"96":0,"97":0,"98":0,"99":0,"100":0,"101":0,"102":0,"103":0,"104":0,"105":0,"106":0,"107":0,"108":0,"109":0,"110":0,"111":0,"112":0,"113":0,"114":0,"115":0,"116":0,"117":0},"f":{"0":0,"1":0,"2":0,"3":0,"4":0,"5":0,"6":0,"7":0,"8":0,"9":0,"10":0,"11":0,"12":0,"13":0},"b":{"0":[0,0],"1":[0,0],"2":[0,0],"3":[0,0],"4":[0,0],"5":[0,0],"6":[0,0],"7":[0,0],"8":[0,0],"9":[0,0],"10":[0,0],"11":[0,0],"12":[0,0],"13":[0,0],"14":[0,0],"15":[0,0],"16":[0,0],"17":[0,0]}}
}
